[2024-08-30 13:53:30:374][restartedMain] [34mINFO [0;39m c.d.jogi_golf.JogiGolfApplication - Starting JogiGolfApplication using Java 17.0.10 on GEOL with PID 11960 (D:\dev\jogi_golf\build\classes\java\main started by xyritol in D:\dev\jogi_golf)
[2024-08-30 13:53:30:376][restartedMain] [34mINFO [0;39m c.d.jogi_golf.JogiGolfApplication - The following 2 profiles are active: "local", "common"
[2024-08-30 13:53:30:399][restartedMain] [34mINFO [0;39m o.s.b.d.e.DevToolsPropertyDefaultsPostProcessor - Devtools property defaults active! Set 'spring.devtools.add-properties' to 'false' to disable
[2024-08-30 13:53:30:399][restartedMain] [34mINFO [0;39m o.s.b.d.e.DevToolsPropertyDefaultsPostProcessor - For additional web related logging consider setting the 'logging.level.web' property to 'DEBUG'
[2024-08-30 13:53:30:1120][restartedMain] [34mINFO [0;39m o.s.b.w.e.tomcat.TomcatWebServer - Tomcat initialized with port(s): 8080 (http)
[2024-08-30 13:53:30:1125][restartedMain] [34mINFO [0;39m o.a.coyote.http11.Http11NioProtocol - Initializing ProtocolHandler ["http-nio-8080"]
[2024-08-30 13:53:30:1125][restartedMain] [34mINFO [0;39m o.a.catalina.core.StandardService - Starting service [Tomcat]
[2024-08-30 13:53:30:1125][restartedMain] [34mINFO [0;39m o.a.catalina.core.StandardEngine - Starting Servlet engine: [Apache Tomcat/9.0.62]
[2024-08-30 13:53:30:1208][restartedMain] [34mINFO [0;39m o.apache.jasper.servlet.TldScanner - At least one JAR was scanned for TLDs yet contained no TLDs. Enable debug logging for this logger for a complete list of JARs that were scanned but no TLDs were found in them. Skipping unneeded JARs during scanning can improve startup time and JSP compilation time.
[2024-08-30 13:53:30:1211][restartedMain] [34mINFO [0;39m o.a.c.c.C.[Tomcat].[localhost].[/] - Initializing Spring embedded WebApplicationContext
[2024-08-30 13:53:30:1211][restartedMain] [34mINFO [0;39m o.s.b.w.s.c.ServletWebServerApplicationContext - Root WebApplicationContext: initialization completed in 811 ms
[2024-08-30 13:53:31:1434][restartedMain] [34mINFO [0;39m o.s.b.a.w.s.WelcomePageHandlerMapping - Adding welcome page template: index
[2024-08-30 13:53:31:1517][restartedMain] [34mINFO [0;39m o.a.coyote.http11.Http11NioProtocol - Starting ProtocolHandler ["http-nio-8080"]
[2024-08-30 13:53:31:1531][restartedMain] [34mINFO [0;39m o.s.b.w.e.tomcat.TomcatWebServer - Tomcat started on port(s): 8080 (http) with context path ''
[2024-08-30 13:53:31:1537][restartedMain] [34mINFO [0;39m c.d.jogi_golf.JogiGolfApplication - Started JogiGolfApplication in 1.422 seconds (JVM running for 1.787)
[2024-08-30 13:53:35:5256][http-nio-8080-exec-1] [34mINFO [0;39m o.a.c.c.C.[Tomcat].[localhost].[/] - Initializing Spring DispatcherServlet 'dispatcherServlet'
[2024-08-30 13:53:35:5256][http-nio-8080-exec-1] [34mINFO [0;39m o.s.web.servlet.DispatcherServlet - Initializing Servlet 'dispatcherServlet'
[2024-08-30 13:53:35:5257][http-nio-8080-exec-1] [34mINFO [0;39m o.s.web.servlet.DispatcherServlet - Completed initialization in 1 ms
[2024-08-30 13:53:35:5276][http-nio-8080-exec-1] [34mINFO [0;39m com.zaxxer.hikari.HikariDataSource - HikariPool-1 - Starting...
[2024-08-30 13:53:35:5406][http-nio-8080-exec-1] [34mINFO [0;39m com.zaxxer.hikari.HikariDataSource - HikariPool-1 - Start completed.
[2024-08-30 13:53:35:5418][http-nio-8080-exec-1] [34mINFO [0;39m jdbc.sqltiming - SELECT player_name AS playerName,
               SUM(calculated_amount) AS totalAmount,
               COUNT(*) AS participationCount
        FROM game_results
        GROUP BY player_name
        ORDER BY totalAmount DESC
 {executed in 4 msec}
[2024-08-30 13:53:35:5423][http-nio-8080-exec-1] [34mINFO [0;39m jdbc.resultsettable - 
|------------|------------|-------------------|
|player_name |totalamount |participationcount |
|------------|------------|-------------------|
|------------|------------|-------------------|

[2024-08-30 14:15:36:1327194][SpringApplicationShutdownHook] [34mINFO [0;39m com.zaxxer.hikari.HikariDataSource - HikariPool-1 - Shutdown initiated...
[2024-08-30 14:15:36:1327199][SpringApplicationShutdownHook] [34mINFO [0;39m com.zaxxer.hikari.HikariDataSource - HikariPool-1 - Shutdown completed.
[2024-08-30 14:15:39:339][restartedMain] [34mINFO [0;39m c.d.jogi_golf.JogiGolfApplication - Starting JogiGolfApplication using Java 17.0.10 on GEOL with PID 7360 (D:\dev\jogi_golf\build\classes\java\main started by xyritol in D:\dev\jogi_golf)
[2024-08-30 14:15:39:340][restartedMain] [34mINFO [0;39m c.d.jogi_golf.JogiGolfApplication - The following 2 profiles are active: "local", "common"
[2024-08-30 14:15:39:359][restartedMain] [34mINFO [0;39m o.s.b.d.e.DevToolsPropertyDefaultsPostProcessor - Devtools property defaults active! Set 'spring.devtools.add-properties' to 'false' to disable
[2024-08-30 14:15:39:359][restartedMain] [34mINFO [0;39m o.s.b.d.e.DevToolsPropertyDefaultsPostProcessor - For additional web related logging consider setting the 'logging.level.web' property to 'DEBUG'
[2024-08-30 14:15:40:842][restartedMain] [34mINFO [0;39m o.s.b.w.e.tomcat.TomcatWebServer - Tomcat initialized with port(s): 8080 (http)
[2024-08-30 14:15:40:847][restartedMain] [34mINFO [0;39m o.a.coyote.http11.Http11NioProtocol - Initializing ProtocolHandler ["http-nio-8080"]
[2024-08-30 14:15:40:847][restartedMain] [34mINFO [0;39m o.a.catalina.core.StandardService - Starting service [Tomcat]
[2024-08-30 14:15:40:847][restartedMain] [34mINFO [0;39m o.a.catalina.core.StandardEngine - Starting Servlet engine: [Apache Tomcat/9.0.62]
[2024-08-30 14:15:40:927][restartedMain] [34mINFO [0;39m o.apache.jasper.servlet.TldScanner - At least one JAR was scanned for TLDs yet contained no TLDs. Enable debug logging for this logger for a complete list of JARs that were scanned but no TLDs were found in them. Skipping unneeded JARs during scanning can improve startup time and JSP compilation time.
[2024-08-30 14:15:40:930][restartedMain] [34mINFO [0;39m o.a.c.c.C.[Tomcat].[localhost].[/] - Initializing Spring embedded WebApplicationContext
[2024-08-30 14:15:40:930][restartedMain] [34mINFO [0;39m o.s.b.w.s.c.ServletWebServerApplicationContext - Root WebApplicationContext: initialization completed in 570 ms
[2024-08-30 14:15:40:1151][restartedMain] [34mINFO [0;39m o.s.b.a.w.s.WelcomePageHandlerMapping - Adding welcome page template: index
[2024-08-30 14:15:40:1231][restartedMain] [34mINFO [0;39m o.a.coyote.http11.Http11NioProtocol - Starting ProtocolHandler ["http-nio-8080"]
[2024-08-30 14:15:40:1245][restartedMain] [34mINFO [0;39m o.s.b.w.e.tomcat.TomcatWebServer - Tomcat started on port(s): 8080 (http) with context path ''
[2024-08-30 14:15:40:1250][restartedMain] [34mINFO [0;39m c.d.jogi_golf.JogiGolfApplication - Started JogiGolfApplication in 1.139 seconds (JVM running for 1.486)
[2024-08-30 14:15:54:15320][http-nio-8080-exec-1] [34mINFO [0;39m o.a.c.c.C.[Tomcat].[localhost].[/] - Initializing Spring DispatcherServlet 'dispatcherServlet'
[2024-08-30 14:15:54:15320][http-nio-8080-exec-1] [34mINFO [0;39m o.s.web.servlet.DispatcherServlet - Initializing Servlet 'dispatcherServlet'
[2024-08-30 14:15:54:15321][http-nio-8080-exec-1] [34mINFO [0;39m o.s.web.servlet.DispatcherServlet - Completed initialization in 1 ms
[2024-08-30 14:15:54:15344][http-nio-8080-exec-1] [34mINFO [0;39m com.zaxxer.hikari.HikariDataSource - HikariPool-1 - Starting...
[2024-08-30 14:15:54:15470][http-nio-8080-exec-1] [34mINFO [0;39m com.zaxxer.hikari.HikariDataSource - HikariPool-1 - Start completed.
[2024-08-30 14:15:55:15547][http-nio-8080-exec-1] [34mINFO [0;39m jdbc.sqltiming - INSERT INTO games (game_date)
        VALUES ('2024-08-30')
 {executed in 67 msec}
[2024-08-30 14:15:55:15547][http-nio-8080-exec-1] [34mINFO [0;39m jdbc.sqltiming - getGeneratedKeys on query: INSERT INTO games (game_date)
        VALUES ('2024-08-30')
 {executed in 0 msec}
[2024-08-30 14:15:55:15554][http-nio-8080-exec-1] [34mINFO [0;39m jdbc.resultsettable - 
|--------------|
|generated_key |
|--------------|
|--------------|

[2024-08-30 14:15:55:15559][http-nio-8080-exec-1] [1;31mERROR[0;39m o.a.c.c.C.[.[.[.[dispatcherServlet] - Servlet.service() for servlet [dispatcherServlet] in context with path [] threw exception [Request processing failed; nested exception is org.mybatis.spring.MyBatisSystemException: nested exception is org.apache.ibatis.executor.ExecutorException: Error getting generated key or setting result to parameter object. Cause: org.apache.ibatis.executor.ExecutorException: No setter found for the keyProperty 'gameId' in 'java.lang.String'.] with root cause
org.apache.ibatis.executor.ExecutorException: No setter found for the keyProperty 'gameId' in 'java.lang.String'.
	at org.apache.ibatis.executor.keygen.Jdbc3KeyGenerator$KeyAssigner.assign(Jdbc3KeyGenerator.java:264)
	at org.apache.ibatis.executor.keygen.Jdbc3KeyGenerator.lambda$assignKeysToParamMap$3(Jdbc3KeyGenerator.java:170)
	at java.base/java.util.ArrayList.forEach(ArrayList.java:1511)
	at org.apache.ibatis.executor.keygen.Jdbc3KeyGenerator.assignKeysToParamMap(Jdbc3KeyGenerator.java:170)
	at org.apache.ibatis.executor.keygen.Jdbc3KeyGenerator.assignKeys(Jdbc3KeyGenerator.java:97)
	at org.apache.ibatis.executor.keygen.Jdbc3KeyGenerator.processBatch(Jdbc3KeyGenerator.java:85)
	at org.apache.ibatis.executor.keygen.Jdbc3KeyGenerator.processAfter(Jdbc3KeyGenerator.java:71)
	at org.apache.ibatis.executor.statement.PreparedStatementHandler.update(PreparedStatementHandler.java:51)
	at org.apache.ibatis.executor.statement.RoutingStatementHandler.update(RoutingStatementHandler.java:74)
	at org.apache.ibatis.executor.SimpleExecutor.doUpdate(SimpleExecutor.java:50)
	at org.apache.ibatis.executor.BaseExecutor.update(BaseExecutor.java:117)
	at org.apache.ibatis.executor.CachingExecutor.update(CachingExecutor.java:76)
	at org.apache.ibatis.session.defaults.DefaultSqlSession.update(DefaultSqlSession.java:194)
	at org.apache.ibatis.session.defaults.DefaultSqlSession.insert(DefaultSqlSession.java:181)
	at java.base/jdk.internal.reflect.NativeMethodAccessorImpl.invoke0(Native Method)
	at java.base/jdk.internal.reflect.NativeMethodAccessorImpl.invoke(NativeMethodAccessorImpl.java:77)
	at java.base/jdk.internal.reflect.DelegatingMethodAccessorImpl.invoke(DelegatingMethodAccessorImpl.java:43)
	at java.base/java.lang.reflect.Method.invoke(Method.java:568)
	at org.mybatis.spring.SqlSessionTemplate$SqlSessionInterceptor.invoke(SqlSessionTemplate.java:427)
	at jdk.proxy2/jdk.proxy2.$Proxy59.insert(Unknown Source)
	at org.mybatis.spring.SqlSessionTemplate.insert(SqlSessionTemplate.java:272)
	at org.apache.ibatis.binding.MapperMethod.execute(MapperMethod.java:62)
	at org.apache.ibatis.binding.MapperProxy$PlainMethodInvoker.invoke(MapperProxy.java:145)
	at org.apache.ibatis.binding.MapperProxy.invoke(MapperProxy.java:86)
	at jdk.proxy3/jdk.proxy3.$Proxy60.insertGameId(Unknown Source)
	at com.dailystudy.jogi_golf.service.GameService.saveGameId(GameService.java:56)
	at com.dailystudy.jogi_golf.controller.GameController.calculate(GameController.java:64)
	at java.base/jdk.internal.reflect.NativeMethodAccessorImpl.invoke0(Native Method)
	at java.base/jdk.internal.reflect.NativeMethodAccessorImpl.invoke(NativeMethodAccessorImpl.java:77)
	at java.base/jdk.internal.reflect.DelegatingMethodAccessorImpl.invoke(DelegatingMethodAccessorImpl.java:43)
	at java.base/java.lang.reflect.Method.invoke(Method.java:568)
	at org.springframework.web.method.support.InvocableHandlerMethod.doInvoke(InvocableHandlerMethod.java:205)
	at org.springframework.web.method.support.InvocableHandlerMethod.invokeForRequest(InvocableHandlerMethod.java:150)
	at org.springframework.web.servlet.mvc.method.annotation.ServletInvocableHandlerMethod.invokeAndHandle(ServletInvocableHandlerMethod.java:117)
	at org.springframework.web.servlet.mvc.method.annotation.RequestMappingHandlerAdapter.invokeHandlerMethod(RequestMappingHandlerAdapter.java:895)
	at org.springframework.web.servlet.mvc.method.annotation.RequestMappingHandlerAdapter.handleInternal(RequestMappingHandlerAdapter.java:808)
	at org.springframework.web.servlet.mvc.method.AbstractHandlerMethodAdapter.handle(AbstractHandlerMethodAdapter.java:87)
	at org.springframework.web.servlet.DispatcherServlet.doDispatch(DispatcherServlet.java:1067)
	at org.springframework.web.servlet.DispatcherServlet.doService(DispatcherServlet.java:963)
	at org.springframework.web.servlet.FrameworkServlet.processRequest(FrameworkServlet.java:1006)
	at org.springframework.web.servlet.FrameworkServlet.doPost(FrameworkServlet.java:909)
	at javax.servlet.http.HttpServlet.service(HttpServlet.java:681)
	at org.springframework.web.servlet.FrameworkServlet.service(FrameworkServlet.java:883)
	at javax.servlet.http.HttpServlet.service(HttpServlet.java:764)
	at org.apache.catalina.core.ApplicationFilterChain.internalDoFilter(ApplicationFilterChain.java:227)
	at org.apache.catalina.core.ApplicationFilterChain.doFilter(ApplicationFilterChain.java:162)
	at org.apache.tomcat.websocket.server.WsFilter.doFilter(WsFilter.java:53)
	at org.apache.catalina.core.ApplicationFilterChain.internalDoFilter(ApplicationFilterChain.java:189)
	at org.apache.catalina.core.ApplicationFilterChain.doFilter(ApplicationFilterChain.java:162)
	at org.springframework.web.filter.RequestContextFilter.doFilterInternal(RequestContextFilter.java:100)
	at org.springframework.web.filter.OncePerRequestFilter.doFilter(OncePerRequestFilter.java:117)
	at org.apache.catalina.core.ApplicationFilterChain.internalDoFilter(ApplicationFilterChain.java:189)
	at org.apache.catalina.core.ApplicationFilterChain.doFilter(ApplicationFilterChain.java:162)
	at org.springframework.web.filter.FormContentFilter.doFilterInternal(FormContentFilter.java:93)
	at org.springframework.web.filter.OncePerRequestFilter.doFilter(OncePerRequestFilter.java:117)
	at org.apache.catalina.core.ApplicationFilterChain.internalDoFilter(ApplicationFilterChain.java:189)
	at org.apache.catalina.core.ApplicationFilterChain.doFilter(ApplicationFilterChain.java:162)
	at org.springframework.web.filter.CharacterEncodingFilter.doFilterInternal(CharacterEncodingFilter.java:201)
	at org.springframework.web.filter.OncePerRequestFilter.doFilter(OncePerRequestFilter.java:117)
	at org.apache.catalina.core.ApplicationFilterChain.internalDoFilter(ApplicationFilterChain.java:189)
	at org.apache.catalina.core.ApplicationFilterChain.doFilter(ApplicationFilterChain.java:162)
	at org.apache.catalina.core.StandardWrapperValve.invoke(StandardWrapperValve.java:197)
	at org.apache.catalina.core.StandardContextValve.invoke(StandardContextValve.java:97)
	at org.apache.catalina.authenticator.AuthenticatorBase.invoke(AuthenticatorBase.java:541)
	at org.apache.catalina.core.StandardHostValve.invoke(StandardHostValve.java:135)
	at org.apache.catalina.valves.ErrorReportValve.invoke(ErrorReportValve.java:92)
	at org.apache.catalina.core.StandardEngineValve.invoke(StandardEngineValve.java:78)
	at org.apache.catalina.connector.CoyoteAdapter.service(CoyoteAdapter.java:360)
	at org.apache.coyote.http11.Http11Processor.service(Http11Processor.java:399)
	at org.apache.coyote.AbstractProcessorLight.process(AbstractProcessorLight.java:65)
	at org.apache.coyote.AbstractProtocol$ConnectionHandler.process(AbstractProtocol.java:890)
	at org.apache.tomcat.util.net.NioEndpoint$SocketProcessor.doRun(NioEndpoint.java:1743)
	at org.apache.tomcat.util.net.SocketProcessorBase.run(SocketProcessorBase.java:49)
	at org.apache.tomcat.util.threads.ThreadPoolExecutor.runWorker(ThreadPoolExecutor.java:1191)
	at org.apache.tomcat.util.threads.ThreadPoolExecutor$Worker.run(ThreadPoolExecutor.java:659)
	at org.apache.tomcat.util.threads.TaskThread$WrappingRunnable.run(TaskThread.java:61)
	at java.base/java.lang.Thread.run(Thread.java:840)
[2024-08-30 14:16:33:53612][SpringApplicationShutdownHook] [34mINFO [0;39m com.zaxxer.hikari.HikariDataSource - HikariPool-1 - Shutdown initiated...
[2024-08-30 14:16:33:53616][SpringApplicationShutdownHook] [34mINFO [0;39m com.zaxxer.hikari.HikariDataSource - HikariPool-1 - Shutdown completed.
[2024-08-30 14:16:34:335][restartedMain] [34mINFO [0;39m c.d.jogi_golf.JogiGolfApplication - Starting JogiGolfApplication using Java 17.0.10 on GEOL with PID 19652 (D:\dev\jogi_golf\build\classes\java\main started by xyritol in D:\dev\jogi_golf)
[2024-08-30 14:16:34:336][restartedMain] [34mINFO [0;39m c.d.jogi_golf.JogiGolfApplication - The following 2 profiles are active: "local", "common"
[2024-08-30 14:16:34:356][restartedMain] [34mINFO [0;39m o.s.b.d.e.DevToolsPropertyDefaultsPostProcessor - Devtools property defaults active! Set 'spring.devtools.add-properties' to 'false' to disable
[2024-08-30 14:16:34:356][restartedMain] [34mINFO [0;39m o.s.b.d.e.DevToolsPropertyDefaultsPostProcessor - For additional web related logging consider setting the 'logging.level.web' property to 'DEBUG'
[2024-08-30 14:16:35:848][restartedMain] [34mINFO [0;39m o.s.b.w.e.tomcat.TomcatWebServer - Tomcat initialized with port(s): 8080 (http)
[2024-08-30 14:16:35:854][restartedMain] [34mINFO [0;39m o.a.coyote.http11.Http11NioProtocol - Initializing ProtocolHandler ["http-nio-8080"]
[2024-08-30 14:16:35:854][restartedMain] [34mINFO [0;39m o.a.catalina.core.StandardService - Starting service [Tomcat]
[2024-08-30 14:16:35:854][restartedMain] [34mINFO [0;39m o.a.catalina.core.StandardEngine - Starting Servlet engine: [Apache Tomcat/9.0.62]
[2024-08-30 14:16:35:938][restartedMain] [34mINFO [0;39m o.apache.jasper.servlet.TldScanner - At least one JAR was scanned for TLDs yet contained no TLDs. Enable debug logging for this logger for a complete list of JARs that were scanned but no TLDs were found in them. Skipping unneeded JARs during scanning can improve startup time and JSP compilation time.
[2024-08-30 14:16:35:941][restartedMain] [34mINFO [0;39m o.a.c.c.C.[Tomcat].[localhost].[/] - Initializing Spring embedded WebApplicationContext
[2024-08-30 14:16:35:941][restartedMain] [34mINFO [0;39m o.s.b.w.s.c.ServletWebServerApplicationContext - Root WebApplicationContext: initialization completed in 585 ms
[2024-08-30 14:16:35:1153][restartedMain] [34mINFO [0;39m o.s.b.a.w.s.WelcomePageHandlerMapping - Adding welcome page template: index
[2024-08-30 14:16:35:1227][restartedMain] [34mINFO [0;39m o.a.coyote.http11.Http11NioProtocol - Starting ProtocolHandler ["http-nio-8080"]
[2024-08-30 14:16:35:1240][restartedMain] [34mINFO [0;39m o.s.b.w.e.tomcat.TomcatWebServer - Tomcat started on port(s): 8080 (http) with context path ''
[2024-08-30 14:16:35:1246][restartedMain] [34mINFO [0;39m c.d.jogi_golf.JogiGolfApplication - Started JogiGolfApplication in 1.132 seconds (JVM running for 1.483)
[2024-08-30 14:16:41:7288][http-nio-8080-exec-1] [34mINFO [0;39m o.a.c.c.C.[Tomcat].[localhost].[/] - Initializing Spring DispatcherServlet 'dispatcherServlet'
[2024-08-30 14:16:41:7288][http-nio-8080-exec-1] [34mINFO [0;39m o.s.web.servlet.DispatcherServlet - Initializing Servlet 'dispatcherServlet'
[2024-08-30 14:16:41:7288][http-nio-8080-exec-1] [34mINFO [0;39m o.s.web.servlet.DispatcherServlet - Completed initialization in 0 ms
[2024-08-30 14:16:41:7312][http-nio-8080-exec-1] [34mINFO [0;39m com.zaxxer.hikari.HikariDataSource - HikariPool-1 - Starting...
[2024-08-30 14:16:41:7441][http-nio-8080-exec-1] [34mINFO [0;39m com.zaxxer.hikari.HikariDataSource - HikariPool-1 - Start completed.
[2024-08-30 14:16:41:7453][http-nio-8080-exec-1] [34mINFO [0;39m jdbc.sqltiming - INSERT INTO games (game_date)
        VALUES ('2024-08-30')
 {executed in 3 msec}
[2024-08-30 14:16:41:7453][http-nio-8080-exec-1] [34mINFO [0;39m jdbc.sqltiming - getGeneratedKeys on query: INSERT INTO games (game_date)
        VALUES ('2024-08-30')
 {executed in 0 msec}
[2024-08-30 14:16:41:7458][http-nio-8080-exec-1] [34mINFO [0;39m jdbc.resultsettable - 
|--------------|
|generated_key |
|--------------|
|--------------|

[2024-08-30 14:16:41:7463][http-nio-8080-exec-1] [1;31mERROR[0;39m o.a.c.c.C.[.[.[.[dispatcherServlet] - Servlet.service() for servlet [dispatcherServlet] in context with path [] threw exception [Request processing failed; nested exception is org.mybatis.spring.MyBatisSystemException: nested exception is org.apache.ibatis.executor.ExecutorException: Error getting generated key or setting result to parameter object. Cause: org.apache.ibatis.executor.ExecutorException: No setter found for the keyProperty 'game_id' in 'java.lang.String'.] with root cause
org.apache.ibatis.executor.ExecutorException: No setter found for the keyProperty 'game_id' in 'java.lang.String'.
	at org.apache.ibatis.executor.keygen.Jdbc3KeyGenerator$KeyAssigner.assign(Jdbc3KeyGenerator.java:264)
	at org.apache.ibatis.executor.keygen.Jdbc3KeyGenerator.lambda$assignKeysToParamMap$3(Jdbc3KeyGenerator.java:170)
	at java.base/java.util.ArrayList.forEach(ArrayList.java:1511)
	at org.apache.ibatis.executor.keygen.Jdbc3KeyGenerator.assignKeysToParamMap(Jdbc3KeyGenerator.java:170)
	at org.apache.ibatis.executor.keygen.Jdbc3KeyGenerator.assignKeys(Jdbc3KeyGenerator.java:97)
	at org.apache.ibatis.executor.keygen.Jdbc3KeyGenerator.processBatch(Jdbc3KeyGenerator.java:85)
	at org.apache.ibatis.executor.keygen.Jdbc3KeyGenerator.processAfter(Jdbc3KeyGenerator.java:71)
	at org.apache.ibatis.executor.statement.PreparedStatementHandler.update(PreparedStatementHandler.java:51)
	at org.apache.ibatis.executor.statement.RoutingStatementHandler.update(RoutingStatementHandler.java:74)
	at org.apache.ibatis.executor.SimpleExecutor.doUpdate(SimpleExecutor.java:50)
	at org.apache.ibatis.executor.BaseExecutor.update(BaseExecutor.java:117)
	at org.apache.ibatis.executor.CachingExecutor.update(CachingExecutor.java:76)
	at org.apache.ibatis.session.defaults.DefaultSqlSession.update(DefaultSqlSession.java:194)
	at org.apache.ibatis.session.defaults.DefaultSqlSession.insert(DefaultSqlSession.java:181)
	at java.base/jdk.internal.reflect.NativeMethodAccessorImpl.invoke0(Native Method)
	at java.base/jdk.internal.reflect.NativeMethodAccessorImpl.invoke(NativeMethodAccessorImpl.java:77)
	at java.base/jdk.internal.reflect.DelegatingMethodAccessorImpl.invoke(DelegatingMethodAccessorImpl.java:43)
	at java.base/java.lang.reflect.Method.invoke(Method.java:568)
	at org.mybatis.spring.SqlSessionTemplate$SqlSessionInterceptor.invoke(SqlSessionTemplate.java:427)
	at jdk.proxy2/jdk.proxy2.$Proxy59.insert(Unknown Source)
	at org.mybatis.spring.SqlSessionTemplate.insert(SqlSessionTemplate.java:272)
	at org.apache.ibatis.binding.MapperMethod.execute(MapperMethod.java:62)
	at org.apache.ibatis.binding.MapperProxy$PlainMethodInvoker.invoke(MapperProxy.java:145)
	at org.apache.ibatis.binding.MapperProxy.invoke(MapperProxy.java:86)
	at jdk.proxy3/jdk.proxy3.$Proxy60.insertGameId(Unknown Source)
	at com.dailystudy.jogi_golf.service.GameService.saveGameId(GameService.java:56)
	at com.dailystudy.jogi_golf.controller.GameController.calculate(GameController.java:64)
	at java.base/jdk.internal.reflect.NativeMethodAccessorImpl.invoke0(Native Method)
	at java.base/jdk.internal.reflect.NativeMethodAccessorImpl.invoke(NativeMethodAccessorImpl.java:77)
	at java.base/jdk.internal.reflect.DelegatingMethodAccessorImpl.invoke(DelegatingMethodAccessorImpl.java:43)
	at java.base/java.lang.reflect.Method.invoke(Method.java:568)
	at org.springframework.web.method.support.InvocableHandlerMethod.doInvoke(InvocableHandlerMethod.java:205)
	at org.springframework.web.method.support.InvocableHandlerMethod.invokeForRequest(InvocableHandlerMethod.java:150)
	at org.springframework.web.servlet.mvc.method.annotation.ServletInvocableHandlerMethod.invokeAndHandle(ServletInvocableHandlerMethod.java:117)
	at org.springframework.web.servlet.mvc.method.annotation.RequestMappingHandlerAdapter.invokeHandlerMethod(RequestMappingHandlerAdapter.java:895)
	at org.springframework.web.servlet.mvc.method.annotation.RequestMappingHandlerAdapter.handleInternal(RequestMappingHandlerAdapter.java:808)
	at org.springframework.web.servlet.mvc.method.AbstractHandlerMethodAdapter.handle(AbstractHandlerMethodAdapter.java:87)
	at org.springframework.web.servlet.DispatcherServlet.doDispatch(DispatcherServlet.java:1067)
	at org.springframework.web.servlet.DispatcherServlet.doService(DispatcherServlet.java:963)
	at org.springframework.web.servlet.FrameworkServlet.processRequest(FrameworkServlet.java:1006)
	at org.springframework.web.servlet.FrameworkServlet.doPost(FrameworkServlet.java:909)
	at javax.servlet.http.HttpServlet.service(HttpServlet.java:681)
	at org.springframework.web.servlet.FrameworkServlet.service(FrameworkServlet.java:883)
	at javax.servlet.http.HttpServlet.service(HttpServlet.java:764)
	at org.apache.catalina.core.ApplicationFilterChain.internalDoFilter(ApplicationFilterChain.java:227)
	at org.apache.catalina.core.ApplicationFilterChain.doFilter(ApplicationFilterChain.java:162)
	at org.apache.tomcat.websocket.server.WsFilter.doFilter(WsFilter.java:53)
	at org.apache.catalina.core.ApplicationFilterChain.internalDoFilter(ApplicationFilterChain.java:189)
	at org.apache.catalina.core.ApplicationFilterChain.doFilter(ApplicationFilterChain.java:162)
	at org.springframework.web.filter.RequestContextFilter.doFilterInternal(RequestContextFilter.java:100)
	at org.springframework.web.filter.OncePerRequestFilter.doFilter(OncePerRequestFilter.java:117)
	at org.apache.catalina.core.ApplicationFilterChain.internalDoFilter(ApplicationFilterChain.java:189)
	at org.apache.catalina.core.ApplicationFilterChain.doFilter(ApplicationFilterChain.java:162)
	at org.springframework.web.filter.FormContentFilter.doFilterInternal(FormContentFilter.java:93)
	at org.springframework.web.filter.OncePerRequestFilter.doFilter(OncePerRequestFilter.java:117)
	at org.apache.catalina.core.ApplicationFilterChain.internalDoFilter(ApplicationFilterChain.java:189)
	at org.apache.catalina.core.ApplicationFilterChain.doFilter(ApplicationFilterChain.java:162)
	at org.springframework.web.filter.CharacterEncodingFilter.doFilterInternal(CharacterEncodingFilter.java:201)
	at org.springframework.web.filter.OncePerRequestFilter.doFilter(OncePerRequestFilter.java:117)
	at org.apache.catalina.core.ApplicationFilterChain.internalDoFilter(ApplicationFilterChain.java:189)
	at org.apache.catalina.core.ApplicationFilterChain.doFilter(ApplicationFilterChain.java:162)
	at org.apache.catalina.core.StandardWrapperValve.invoke(StandardWrapperValve.java:197)
	at org.apache.catalina.core.StandardContextValve.invoke(StandardContextValve.java:97)
	at org.apache.catalina.authenticator.AuthenticatorBase.invoke(AuthenticatorBase.java:541)
	at org.apache.catalina.core.StandardHostValve.invoke(StandardHostValve.java:135)
	at org.apache.catalina.valves.ErrorReportValve.invoke(ErrorReportValve.java:92)
	at org.apache.catalina.core.StandardEngineValve.invoke(StandardEngineValve.java:78)
	at org.apache.catalina.connector.CoyoteAdapter.service(CoyoteAdapter.java:360)
	at org.apache.coyote.http11.Http11Processor.service(Http11Processor.java:399)
	at org.apache.coyote.AbstractProcessorLight.process(AbstractProcessorLight.java:65)
	at org.apache.coyote.AbstractProtocol$ConnectionHandler.process(AbstractProtocol.java:890)
	at org.apache.tomcat.util.net.NioEndpoint$SocketProcessor.doRun(NioEndpoint.java:1743)
	at org.apache.tomcat.util.net.SocketProcessorBase.run(SocketProcessorBase.java:49)
	at org.apache.tomcat.util.threads.ThreadPoolExecutor.runWorker(ThreadPoolExecutor.java:1191)
	at org.apache.tomcat.util.threads.ThreadPoolExecutor$Worker.run(ThreadPoolExecutor.java:659)
	at org.apache.tomcat.util.threads.TaskThread$WrappingRunnable.run(TaskThread.java:61)
	at java.base/java.lang.Thread.run(Thread.java:840)
[2024-08-30 14:22:36:361737][SpringApplicationShutdownHook] [34mINFO [0;39m com.zaxxer.hikari.HikariDataSource - HikariPool-1 - Shutdown initiated...
[2024-08-30 14:22:36:361744][SpringApplicationShutdownHook] [34mINFO [0;39m com.zaxxer.hikari.HikariDataSource - HikariPool-1 - Shutdown completed.
[2024-08-30 14:22:38:332][restartedMain] [34mINFO [0;39m c.d.jogi_golf.JogiGolfApplication - Starting JogiGolfApplication using Java 17.0.10 on GEOL with PID 6296 (D:\dev\jogi_golf\build\classes\java\main started by xyritol in D:\dev\jogi_golf)
[2024-08-30 14:22:38:333][restartedMain] [34mINFO [0;39m c.d.jogi_golf.JogiGolfApplication - The following 2 profiles are active: "local", "common"
[2024-08-30 14:22:38:353][restartedMain] [34mINFO [0;39m o.s.b.d.e.DevToolsPropertyDefaultsPostProcessor - Devtools property defaults active! Set 'spring.devtools.add-properties' to 'false' to disable
[2024-08-30 14:22:38:353][restartedMain] [34mINFO [0;39m o.s.b.d.e.DevToolsPropertyDefaultsPostProcessor - For additional web related logging consider setting the 'logging.level.web' property to 'DEBUG'
[2024-08-30 14:22:38:842][restartedMain] [34mINFO [0;39m o.s.b.w.e.tomcat.TomcatWebServer - Tomcat initialized with port(s): 8080 (http)
[2024-08-30 14:22:38:847][restartedMain] [34mINFO [0;39m o.a.coyote.http11.Http11NioProtocol - Initializing ProtocolHandler ["http-nio-8080"]
[2024-08-30 14:22:38:847][restartedMain] [34mINFO [0;39m o.a.catalina.core.StandardService - Starting service [Tomcat]
[2024-08-30 14:22:38:847][restartedMain] [34mINFO [0;39m o.a.catalina.core.StandardEngine - Starting Servlet engine: [Apache Tomcat/9.0.62]
[2024-08-30 14:22:38:921][restartedMain] [34mINFO [0;39m o.apache.jasper.servlet.TldScanner - At least one JAR was scanned for TLDs yet contained no TLDs. Enable debug logging for this logger for a complete list of JARs that were scanned but no TLDs were found in them. Skipping unneeded JARs during scanning can improve startup time and JSP compilation time.
[2024-08-30 14:22:38:924][restartedMain] [34mINFO [0;39m o.a.c.c.C.[Tomcat].[localhost].[/] - Initializing Spring embedded WebApplicationContext
[2024-08-30 14:22:38:924][restartedMain] [34mINFO [0;39m o.s.b.w.s.c.ServletWebServerApplicationContext - Root WebApplicationContext: initialization completed in 570 ms
[2024-08-30 14:22:38:1129][restartedMain] [34mINFO [0;39m o.s.b.a.w.s.WelcomePageHandlerMapping - Adding welcome page template: index
[2024-08-30 14:22:38:1206][restartedMain] [34mINFO [0;39m o.a.coyote.http11.Http11NioProtocol - Starting ProtocolHandler ["http-nio-8080"]
[2024-08-30 14:22:38:1219][restartedMain] [34mINFO [0;39m o.s.b.w.e.tomcat.TomcatWebServer - Tomcat started on port(s): 8080 (http) with context path ''
[2024-08-30 14:22:38:1225][restartedMain] [34mINFO [0;39m c.d.jogi_golf.JogiGolfApplication - Started JogiGolfApplication in 1.118 seconds (JVM running for 1.462)
[2024-08-30 14:22:45:8214][http-nio-8080-exec-1] [34mINFO [0;39m o.a.c.c.C.[Tomcat].[localhost].[/] - Initializing Spring DispatcherServlet 'dispatcherServlet'
[2024-08-30 14:22:45:8215][http-nio-8080-exec-1] [34mINFO [0;39m o.s.web.servlet.DispatcherServlet - Initializing Servlet 'dispatcherServlet'
[2024-08-30 14:22:45:8215][http-nio-8080-exec-1] [34mINFO [0;39m o.s.web.servlet.DispatcherServlet - Completed initialization in 0 ms
[2024-08-30 14:22:45:8239][http-nio-8080-exec-1] [34mINFO [0;39m com.zaxxer.hikari.HikariDataSource - HikariPool-1 - Starting...
[2024-08-30 14:22:46:8358][http-nio-8080-exec-1] [34mINFO [0;39m com.zaxxer.hikari.HikariDataSource - HikariPool-1 - Start completed.
[2024-08-30 14:22:46:8383][http-nio-8080-exec-1] [34mINFO [0;39m jdbc.sqltiming - INSERT INTO games (game_date)
        VALUES ('2024-08-30')
 {executed in 16 msec}
[2024-08-30 14:22:46:8383][http-nio-8080-exec-1] [34mINFO [0;39m jdbc.sqltiming - getGeneratedKeys on query: INSERT INTO games (game_date)
        VALUES ('2024-08-30')
 {executed in 0 msec}
[2024-08-30 14:22:46:8388][http-nio-8080-exec-1] [34mINFO [0;39m jdbc.resultsettable - 
|--------------|
|generated_key |
|--------------|
|--------------|

[2024-08-30 14:22:46:8393][http-nio-8080-exec-1] [1;31mERROR[0;39m o.a.c.c.C.[.[.[.[dispatcherServlet] - Servlet.service() for servlet [dispatcherServlet] in context with path [] threw exception [Request processing failed; nested exception is org.mybatis.spring.MyBatisSystemException: nested exception is org.apache.ibatis.executor.ExecutorException: Error getting generated key or setting result to parameter object. Cause: org.apache.ibatis.executor.ExecutorException: No setter found for the keyProperty 'game_id' in 'java.lang.String'.] with root cause
org.apache.ibatis.executor.ExecutorException: No setter found for the keyProperty 'game_id' in 'java.lang.String'.
	at org.apache.ibatis.executor.keygen.Jdbc3KeyGenerator$KeyAssigner.assign(Jdbc3KeyGenerator.java:264)
	at org.apache.ibatis.executor.keygen.Jdbc3KeyGenerator.lambda$assignKeysToParamMap$3(Jdbc3KeyGenerator.java:170)
	at java.base/java.util.ArrayList.forEach(ArrayList.java:1511)
	at org.apache.ibatis.executor.keygen.Jdbc3KeyGenerator.assignKeysToParamMap(Jdbc3KeyGenerator.java:170)
	at org.apache.ibatis.executor.keygen.Jdbc3KeyGenerator.assignKeys(Jdbc3KeyGenerator.java:97)
	at org.apache.ibatis.executor.keygen.Jdbc3KeyGenerator.processBatch(Jdbc3KeyGenerator.java:85)
	at org.apache.ibatis.executor.keygen.Jdbc3KeyGenerator.processAfter(Jdbc3KeyGenerator.java:71)
	at org.apache.ibatis.executor.statement.PreparedStatementHandler.update(PreparedStatementHandler.java:51)
	at org.apache.ibatis.executor.statement.RoutingStatementHandler.update(RoutingStatementHandler.java:74)
	at org.apache.ibatis.executor.SimpleExecutor.doUpdate(SimpleExecutor.java:50)
	at org.apache.ibatis.executor.BaseExecutor.update(BaseExecutor.java:117)
	at org.apache.ibatis.executor.CachingExecutor.update(CachingExecutor.java:76)
	at org.apache.ibatis.session.defaults.DefaultSqlSession.update(DefaultSqlSession.java:194)
	at org.apache.ibatis.session.defaults.DefaultSqlSession.insert(DefaultSqlSession.java:181)
	at java.base/jdk.internal.reflect.NativeMethodAccessorImpl.invoke0(Native Method)
	at java.base/jdk.internal.reflect.NativeMethodAccessorImpl.invoke(NativeMethodAccessorImpl.java:77)
	at java.base/jdk.internal.reflect.DelegatingMethodAccessorImpl.invoke(DelegatingMethodAccessorImpl.java:43)
	at java.base/java.lang.reflect.Method.invoke(Method.java:568)
	at org.mybatis.spring.SqlSessionTemplate$SqlSessionInterceptor.invoke(SqlSessionTemplate.java:427)
	at jdk.proxy2/jdk.proxy2.$Proxy59.insert(Unknown Source)
	at org.mybatis.spring.SqlSessionTemplate.insert(SqlSessionTemplate.java:272)
	at org.apache.ibatis.binding.MapperMethod.execute(MapperMethod.java:62)
	at org.apache.ibatis.binding.MapperProxy$PlainMethodInvoker.invoke(MapperProxy.java:145)
	at org.apache.ibatis.binding.MapperProxy.invoke(MapperProxy.java:86)
	at jdk.proxy3/jdk.proxy3.$Proxy60.insertGameId(Unknown Source)
	at com.dailystudy.jogi_golf.service.GameService.saveGameId(GameService.java:56)
	at com.dailystudy.jogi_golf.controller.GameController.calculate(GameController.java:64)
	at java.base/jdk.internal.reflect.NativeMethodAccessorImpl.invoke0(Native Method)
	at java.base/jdk.internal.reflect.NativeMethodAccessorImpl.invoke(NativeMethodAccessorImpl.java:77)
	at java.base/jdk.internal.reflect.DelegatingMethodAccessorImpl.invoke(DelegatingMethodAccessorImpl.java:43)
	at java.base/java.lang.reflect.Method.invoke(Method.java:568)
	at org.springframework.web.method.support.InvocableHandlerMethod.doInvoke(InvocableHandlerMethod.java:205)
	at org.springframework.web.method.support.InvocableHandlerMethod.invokeForRequest(InvocableHandlerMethod.java:150)
	at org.springframework.web.servlet.mvc.method.annotation.ServletInvocableHandlerMethod.invokeAndHandle(ServletInvocableHandlerMethod.java:117)
	at org.springframework.web.servlet.mvc.method.annotation.RequestMappingHandlerAdapter.invokeHandlerMethod(RequestMappingHandlerAdapter.java:895)
	at org.springframework.web.servlet.mvc.method.annotation.RequestMappingHandlerAdapter.handleInternal(RequestMappingHandlerAdapter.java:808)
	at org.springframework.web.servlet.mvc.method.AbstractHandlerMethodAdapter.handle(AbstractHandlerMethodAdapter.java:87)
	at org.springframework.web.servlet.DispatcherServlet.doDispatch(DispatcherServlet.java:1067)
	at org.springframework.web.servlet.DispatcherServlet.doService(DispatcherServlet.java:963)
	at org.springframework.web.servlet.FrameworkServlet.processRequest(FrameworkServlet.java:1006)
	at org.springframework.web.servlet.FrameworkServlet.doPost(FrameworkServlet.java:909)
	at javax.servlet.http.HttpServlet.service(HttpServlet.java:681)
	at org.springframework.web.servlet.FrameworkServlet.service(FrameworkServlet.java:883)
	at javax.servlet.http.HttpServlet.service(HttpServlet.java:764)
	at org.apache.catalina.core.ApplicationFilterChain.internalDoFilter(ApplicationFilterChain.java:227)
	at org.apache.catalina.core.ApplicationFilterChain.doFilter(ApplicationFilterChain.java:162)
	at org.apache.tomcat.websocket.server.WsFilter.doFilter(WsFilter.java:53)
	at org.apache.catalina.core.ApplicationFilterChain.internalDoFilter(ApplicationFilterChain.java:189)
	at org.apache.catalina.core.ApplicationFilterChain.doFilter(ApplicationFilterChain.java:162)
	at org.springframework.web.filter.RequestContextFilter.doFilterInternal(RequestContextFilter.java:100)
	at org.springframework.web.filter.OncePerRequestFilter.doFilter(OncePerRequestFilter.java:117)
	at org.apache.catalina.core.ApplicationFilterChain.internalDoFilter(ApplicationFilterChain.java:189)
	at org.apache.catalina.core.ApplicationFilterChain.doFilter(ApplicationFilterChain.java:162)
	at org.springframework.web.filter.FormContentFilter.doFilterInternal(FormContentFilter.java:93)
	at org.springframework.web.filter.OncePerRequestFilter.doFilter(OncePerRequestFilter.java:117)
	at org.apache.catalina.core.ApplicationFilterChain.internalDoFilter(ApplicationFilterChain.java:189)
	at org.apache.catalina.core.ApplicationFilterChain.doFilter(ApplicationFilterChain.java:162)
	at org.springframework.web.filter.CharacterEncodingFilter.doFilterInternal(CharacterEncodingFilter.java:201)
	at org.springframework.web.filter.OncePerRequestFilter.doFilter(OncePerRequestFilter.java:117)
	at org.apache.catalina.core.ApplicationFilterChain.internalDoFilter(ApplicationFilterChain.java:189)
	at org.apache.catalina.core.ApplicationFilterChain.doFilter(ApplicationFilterChain.java:162)
	at org.apache.catalina.core.StandardWrapperValve.invoke(StandardWrapperValve.java:197)
	at org.apache.catalina.core.StandardContextValve.invoke(StandardContextValve.java:97)
	at org.apache.catalina.authenticator.AuthenticatorBase.invoke(AuthenticatorBase.java:541)
	at org.apache.catalina.core.StandardHostValve.invoke(StandardHostValve.java:135)
	at org.apache.catalina.valves.ErrorReportValve.invoke(ErrorReportValve.java:92)
	at org.apache.catalina.core.StandardEngineValve.invoke(StandardEngineValve.java:78)
	at org.apache.catalina.connector.CoyoteAdapter.service(CoyoteAdapter.java:360)
	at org.apache.coyote.http11.Http11Processor.service(Http11Processor.java:399)
	at org.apache.coyote.AbstractProcessorLight.process(AbstractProcessorLight.java:65)
	at org.apache.coyote.AbstractProtocol$ConnectionHandler.process(AbstractProtocol.java:890)
	at org.apache.tomcat.util.net.NioEndpoint$SocketProcessor.doRun(NioEndpoint.java:1743)
	at org.apache.tomcat.util.net.SocketProcessorBase.run(SocketProcessorBase.java:49)
	at org.apache.tomcat.util.threads.ThreadPoolExecutor.runWorker(ThreadPoolExecutor.java:1191)
	at org.apache.tomcat.util.threads.ThreadPoolExecutor$Worker.run(ThreadPoolExecutor.java:659)
	at org.apache.tomcat.util.threads.TaskThread$WrappingRunnable.run(TaskThread.java:61)
	at java.base/java.lang.Thread.run(Thread.java:840)
[2024-08-30 14:27:31:293599][SpringApplicationShutdownHook] [34mINFO [0;39m com.zaxxer.hikari.HikariDataSource - HikariPool-1 - Shutdown initiated...
[2024-08-30 14:27:31:293605][SpringApplicationShutdownHook] [34mINFO [0;39m com.zaxxer.hikari.HikariDataSource - HikariPool-1 - Shutdown completed.
[2024-08-30 14:27:33:349][restartedMain] [34mINFO [0;39m c.d.jogi_golf.JogiGolfApplication - Starting JogiGolfApplication using Java 17.0.10 on GEOL with PID 11100 (D:\dev\jogi_golf\build\classes\java\main started by xyritol in D:\dev\jogi_golf)
[2024-08-30 14:27:33:350][restartedMain] [34mINFO [0;39m c.d.jogi_golf.JogiGolfApplication - The following 2 profiles are active: "local", "common"
[2024-08-30 14:27:33:370][restartedMain] [34mINFO [0;39m o.s.b.d.e.DevToolsPropertyDefaultsPostProcessor - Devtools property defaults active! Set 'spring.devtools.add-properties' to 'false' to disable
[2024-08-30 14:27:33:370][restartedMain] [34mINFO [0;39m o.s.b.d.e.DevToolsPropertyDefaultsPostProcessor - For additional web related logging consider setting the 'logging.level.web' property to 'DEBUG'
[2024-08-30 14:27:33:853][restartedMain] [34mINFO [0;39m o.s.b.w.e.tomcat.TomcatWebServer - Tomcat initialized with port(s): 8080 (http)
[2024-08-30 14:27:33:858][restartedMain] [34mINFO [0;39m o.a.coyote.http11.Http11NioProtocol - Initializing ProtocolHandler ["http-nio-8080"]
[2024-08-30 14:27:33:858][restartedMain] [34mINFO [0;39m o.a.catalina.core.StandardService - Starting service [Tomcat]
[2024-08-30 14:27:33:858][restartedMain] [34mINFO [0;39m o.a.catalina.core.StandardEngine - Starting Servlet engine: [Apache Tomcat/9.0.62]
[2024-08-30 14:27:33:937][restartedMain] [34mINFO [0;39m o.apache.jasper.servlet.TldScanner - At least one JAR was scanned for TLDs yet contained no TLDs. Enable debug logging for this logger for a complete list of JARs that were scanned but no TLDs were found in them. Skipping unneeded JARs during scanning can improve startup time and JSP compilation time.
[2024-08-30 14:27:33:940][restartedMain] [34mINFO [0;39m o.a.c.c.C.[Tomcat].[localhost].[/] - Initializing Spring embedded WebApplicationContext
[2024-08-30 14:27:33:940][restartedMain] [34mINFO [0;39m o.s.b.w.s.c.ServletWebServerApplicationContext - Root WebApplicationContext: initialization completed in 569 ms
[2024-08-30 14:27:34:1158][restartedMain] [34mINFO [0;39m o.s.b.a.w.s.WelcomePageHandlerMapping - Adding welcome page template: index
[2024-08-30 14:27:34:1239][restartedMain] [34mINFO [0;39m o.a.coyote.http11.Http11NioProtocol - Starting ProtocolHandler ["http-nio-8080"]
[2024-08-30 14:27:34:1253][restartedMain] [34mINFO [0;39m o.s.b.w.e.tomcat.TomcatWebServer - Tomcat started on port(s): 8080 (http) with context path ''
[2024-08-30 14:27:34:1258][restartedMain] [34mINFO [0;39m c.d.jogi_golf.JogiGolfApplication - Started JogiGolfApplication in 1.14 seconds (JVM running for 1.49)
[2024-08-30 14:27:42:347][restartedMain] [34mINFO [0;39m c.d.jogi_golf.JogiGolfApplication - Starting JogiGolfApplication using Java 17.0.10 on GEOL with PID 3428 (D:\dev\jogi_golf\build\classes\java\main started by xyritol in D:\dev\jogi_golf)
[2024-08-30 14:27:42:347][restartedMain] [34mINFO [0;39m c.d.jogi_golf.JogiGolfApplication - The following 2 profiles are active: "local", "common"
[2024-08-30 14:27:42:368][restartedMain] [34mINFO [0;39m o.s.b.d.e.DevToolsPropertyDefaultsPostProcessor - Devtools property defaults active! Set 'spring.devtools.add-properties' to 'false' to disable
[2024-08-30 14:27:42:368][restartedMain] [34mINFO [0;39m o.s.b.d.e.DevToolsPropertyDefaultsPostProcessor - For additional web related logging consider setting the 'logging.level.web' property to 'DEBUG'
[2024-08-30 14:27:42:847][restartedMain] [34mINFO [0;39m o.s.b.w.e.tomcat.TomcatWebServer - Tomcat initialized with port(s): 8080 (http)
[2024-08-30 14:27:42:851][restartedMain] [34mINFO [0;39m o.a.coyote.http11.Http11NioProtocol - Initializing ProtocolHandler ["http-nio-8080"]
[2024-08-30 14:27:42:852][restartedMain] [34mINFO [0;39m o.a.catalina.core.StandardService - Starting service [Tomcat]
[2024-08-30 14:27:42:852][restartedMain] [34mINFO [0;39m o.a.catalina.core.StandardEngine - Starting Servlet engine: [Apache Tomcat/9.0.62]
[2024-08-30 14:27:42:926][restartedMain] [34mINFO [0;39m o.apache.jasper.servlet.TldScanner - At least one JAR was scanned for TLDs yet contained no TLDs. Enable debug logging for this logger for a complete list of JARs that were scanned but no TLDs were found in them. Skipping unneeded JARs during scanning can improve startup time and JSP compilation time.
[2024-08-30 14:27:42:929][restartedMain] [34mINFO [0;39m o.a.c.c.C.[Tomcat].[localhost].[/] - Initializing Spring embedded WebApplicationContext
[2024-08-30 14:27:42:929][restartedMain] [34mINFO [0;39m o.s.b.w.s.c.ServletWebServerApplicationContext - Root WebApplicationContext: initialization completed in 561 ms
[2024-08-30 14:27:42:1134][restartedMain] [34mINFO [0;39m o.s.b.a.w.s.WelcomePageHandlerMapping - Adding welcome page template: index
[2024-08-30 14:27:43:1210][restartedMain] [34mINFO [0;39m o.a.coyote.http11.Http11NioProtocol - Starting ProtocolHandler ["http-nio-8080"]
[2024-08-30 14:27:43:1223][restartedMain] [34mINFO [0;39m o.s.b.w.e.tomcat.TomcatWebServer - Tomcat started on port(s): 8080 (http) with context path ''
[2024-08-30 14:27:43:1228][restartedMain] [34mINFO [0;39m c.d.jogi_golf.JogiGolfApplication - Started JogiGolfApplication in 1.115 seconds (JVM running for 1.471)
[2024-08-30 14:27:47:5960][http-nio-8080-exec-1] [34mINFO [0;39m o.a.c.c.C.[Tomcat].[localhost].[/] - Initializing Spring DispatcherServlet 'dispatcherServlet'
[2024-08-30 14:27:47:5960][http-nio-8080-exec-1] [34mINFO [0;39m o.s.web.servlet.DispatcherServlet - Initializing Servlet 'dispatcherServlet'
[2024-08-30 14:27:47:5960][http-nio-8080-exec-1] [34mINFO [0;39m o.s.web.servlet.DispatcherServlet - Completed initialization in 0 ms
[2024-08-30 14:27:47:5984][http-nio-8080-exec-1] [34mINFO [0;39m com.zaxxer.hikari.HikariDataSource - HikariPool-1 - Starting...
[2024-08-30 14:27:47:6105][http-nio-8080-exec-1] [34mINFO [0;39m com.zaxxer.hikari.HikariDataSource - HikariPool-1 - Start completed.
[2024-08-30 14:27:47:6117][http-nio-8080-exec-1] [34mINFO [0;39m jdbc.sqltiming - INSERT INTO games (game_date)
        VALUES ('2024-08-30')
 {executed in 3 msec}
[2024-08-30 14:27:47:6117][http-nio-8080-exec-1] [34mINFO [0;39m jdbc.sqltiming - getGeneratedKeys on query: INSERT INTO games (game_date)
        VALUES ('2024-08-30')
 {executed in 0 msec}
[2024-08-30 14:27:47:6121][http-nio-8080-exec-1] [34mINFO [0;39m jdbc.resultsettable - 
|--------------|
|generated_key |
|--------------|
|4             |
|--------------|

[2024-08-30 14:27:47:6129][http-nio-8080-exec-1] [34mINFO [0;39m jdbc.sqltiming - INSERT INTO game_results (game_date, player_name, rank, calculated_amount, original_score, handicap,game_id)
        VALUES ('2024-08-30', '3', 1, 32000, 10, 15, 4)
 {executed in 5 msec}
[2024-08-30 14:27:47:6136][http-nio-8080-exec-1] [34mINFO [0;39m jdbc.sqltiming - INSERT INTO game_results (game_date, player_name, rank, calculated_amount, original_score, handicap,game_id)
        VALUES ('2024-08-30', '2', 2, -32000, 5, -6, 4)
 {executed in 7 msec}
[2024-08-30 14:33:22:340718][SpringApplicationShutdownHook] [34mINFO [0;39m com.zaxxer.hikari.HikariDataSource - HikariPool-1 - Shutdown initiated...
[2024-08-30 14:33:22:340724][SpringApplicationShutdownHook] [34mINFO [0;39m com.zaxxer.hikari.HikariDataSource - HikariPool-1 - Shutdown completed.
[2024-08-30 14:33:56:342][restartedMain] [34mINFO [0;39m c.d.jogi_golf.JogiGolfApplication - Starting JogiGolfApplication using Java 17.0.10 on GEOL with PID 25540 (D:\dev\jogi_golf\build\classes\java\main started by xyritol in D:\dev\jogi_golf)
[2024-08-30 14:33:56:342][restartedMain] [34mINFO [0;39m c.d.jogi_golf.JogiGolfApplication - The following 2 profiles are active: "local", "common"
[2024-08-30 14:33:56:362][restartedMain] [34mINFO [0;39m o.s.b.d.e.DevToolsPropertyDefaultsPostProcessor - Devtools property defaults active! Set 'spring.devtools.add-properties' to 'false' to disable
[2024-08-30 14:33:56:362][restartedMain] [34mINFO [0;39m o.s.b.d.e.DevToolsPropertyDefaultsPostProcessor - For additional web related logging consider setting the 'logging.level.web' property to 'DEBUG'
[2024-08-30 14:33:57:840][restartedMain] [34mINFO [0;39m o.s.b.w.e.tomcat.TomcatWebServer - Tomcat initialized with port(s): 8080 (http)
[2024-08-30 14:33:57:845][restartedMain] [34mINFO [0;39m o.a.coyote.http11.Http11NioProtocol - Initializing ProtocolHandler ["http-nio-8080"]
[2024-08-30 14:33:57:846][restartedMain] [34mINFO [0;39m o.a.catalina.core.StandardService - Starting service [Tomcat]
[2024-08-30 14:33:57:846][restartedMain] [34mINFO [0;39m o.a.catalina.core.StandardEngine - Starting Servlet engine: [Apache Tomcat/9.0.62]
[2024-08-30 14:33:57:919][restartedMain] [34mINFO [0;39m o.apache.jasper.servlet.TldScanner - At least one JAR was scanned for TLDs yet contained no TLDs. Enable debug logging for this logger for a complete list of JARs that were scanned but no TLDs were found in them. Skipping unneeded JARs during scanning can improve startup time and JSP compilation time.
[2024-08-30 14:33:57:921][restartedMain] [34mINFO [0;39m o.a.c.c.C.[Tomcat].[localhost].[/] - Initializing Spring embedded WebApplicationContext
[2024-08-30 14:33:57:921][restartedMain] [34mINFO [0;39m o.s.b.w.s.c.ServletWebServerApplicationContext - Root WebApplicationContext: initialization completed in 559 ms
[2024-08-30 14:33:57:1126][restartedMain] [34mINFO [0;39m o.s.b.a.w.s.WelcomePageHandlerMapping - Adding welcome page template: index
[2024-08-30 14:33:57:1198][restartedMain] [34mINFO [0;39m o.a.coyote.http11.Http11NioProtocol - Starting ProtocolHandler ["http-nio-8080"]
[2024-08-30 14:33:57:1210][restartedMain] [34mINFO [0;39m o.s.b.w.e.tomcat.TomcatWebServer - Tomcat started on port(s): 8080 (http) with context path ''
[2024-08-30 14:33:57:1216][restartedMain] [34mINFO [0;39m c.d.jogi_golf.JogiGolfApplication - Started JogiGolfApplication in 1.107 seconds (JVM running for 1.454)
[2024-08-30 14:34:02:5889][http-nio-8080-exec-1] [34mINFO [0;39m o.a.c.c.C.[Tomcat].[localhost].[/] - Initializing Spring DispatcherServlet 'dispatcherServlet'
[2024-08-30 14:34:02:5890][http-nio-8080-exec-1] [34mINFO [0;39m o.s.web.servlet.DispatcherServlet - Initializing Servlet 'dispatcherServlet'
[2024-08-30 14:34:02:5890][http-nio-8080-exec-1] [34mINFO [0;39m o.s.web.servlet.DispatcherServlet - Completed initialization in 0 ms
[2024-08-30 14:34:02:5909][http-nio-8080-exec-1] [34mINFO [0;39m com.zaxxer.hikari.HikariDataSource - HikariPool-1 - Starting...
[2024-08-30 14:34:02:6028][http-nio-8080-exec-1] [34mINFO [0;39m com.zaxxer.hikari.HikariDataSource - HikariPool-1 - Start completed.
[2024-08-30 14:34:02:6047][http-nio-8080-exec-1] [34mINFO [0;39m jdbc.sqltiming - SELECT player_name AS playerName,
               SUM(calculated_amount) AS totalAmount,
               COUNT(*) AS participationCount
        FROM game_results
        GROUP BY player_name
        ORDER BY totalAmount DESC
 {executed in 11 msec}
[2024-08-30 14:34:02:6052][http-nio-8080-exec-1] [34mINFO [0;39m jdbc.resultsettable - 
|------------|------------|-------------------|
|player_name |totalamount |participationcount |
|------------|------------|-------------------|
|3           |32000       |1                  |
|2           |-32000      |1                  |
|------------|------------|-------------------|

[2024-08-30 14:34:11:14864][http-nio-8080-exec-3] [34mINFO [0;39m jdbc.sqltiming - INSERT INTO games (game_date)
        VALUES ('2024-08-30')
 {executed in 4 msec}
[2024-08-30 14:34:11:14864][http-nio-8080-exec-3] [34mINFO [0;39m jdbc.sqltiming - getGeneratedKeys on query: INSERT INTO games (game_date)
        VALUES ('2024-08-30')
 {executed in 0 msec}
[2024-08-30 14:34:11:14865][http-nio-8080-exec-3] [34mINFO [0;39m jdbc.resultsettable - 
|--------------|
|generated_key |
|--------------|
|5             |
|--------------|

[2024-08-30 14:34:11:14868][http-nio-8080-exec-3] [34mINFO [0;39m jdbc.sqltiming - INSERT INTO game_results (player_name, rank, calculated_amount, original_score, handicap, game_id)
        VALUES ('김민정', 1, 66000, 2, 4, 5)
 {executed in 3 msec}
[2024-08-30 14:34:11:14872][http-nio-8080-exec-3] [34mINFO [0;39m jdbc.sqltiming - INSERT INTO game_results (player_name, rank, calculated_amount, original_score, handicap, game_id)
        VALUES ('김영현', 2, 2000, 10, 4, 5)
 {executed in 3 msec}
[2024-08-30 14:34:11:14875][http-nio-8080-exec-3] [34mINFO [0;39m jdbc.sqltiming - INSERT INTO game_results (player_name, rank, calculated_amount, original_score, handicap, game_id)
        VALUES ('박준영', 3, -30000, 20, 10, 5)
 {executed in 2 msec}
[2024-08-30 14:34:11:14878][http-nio-8080-exec-3] [34mINFO [0;39m jdbc.sqltiming - INSERT INTO game_results (player_name, rank, calculated_amount, original_score, handicap, game_id)
        VALUES ('강걸', 4, -38000, 5, -6, 5)
 {executed in 3 msec}
[2024-08-30 14:34:34:38469][http-nio-8080-exec-7] [34mINFO [0;39m jdbc.sqltiming - SELECT player_name AS playerName,
               SUM(calculated_amount) AS totalAmount,
               COUNT(*) AS participationCount
        FROM game_results
        GROUP BY player_name
        ORDER BY totalAmount DESC
 {executed in 3 msec}
[2024-08-30 14:34:34:38470][http-nio-8080-exec-7] [34mINFO [0;39m jdbc.resultsettable - 
|------------|------------|-------------------|
|player_name |totalamount |participationcount |
|------------|------------|-------------------|
|김민정         |66000       |1                  |
|3           |32000       |1                  |
|김영현         |2000        |1                  |
|박준영         |-30000      |1                  |
|2           |-32000      |1                  |
|강걸          |-38000      |1                  |
|------------|------------|-------------------|

[2024-08-30 14:37:57:240818][http-nio-8080-exec-2] [34mINFO [0;39m jdbc.sqltiming - SELECT player_name AS playerName,
               SUM(calculated_amount) AS totalAmount,
               COUNT(*) AS participationCount
        FROM game_results
        GROUP BY player_name
        ORDER BY totalAmount DESC
 {executed in 3 msec}
[2024-08-30 14:37:57:240818][http-nio-8080-exec-2] [34mINFO [0;39m jdbc.resultsettable - 
|------------|------------|-------------------|
|player_name |totalamount |participationcount |
|------------|------------|-------------------|
|김민정         |66000       |1                  |
|3           |32000       |1                  |
|김영현         |2000        |1                  |
|박준영         |-30000      |1                  |
|2           |-32000      |1                  |
|강걸          |-38000      |1                  |
|------------|------------|-------------------|

[2024-08-30 14:37:59:243675][http-nio-8080-exec-6] [1;31mERROR[0;39m jdbc.audit - 1. PreparedStatement.execute() SELECT DISTINCT g.game_date FROM game_results g

com.mysql.jdbc.exceptions.jdbc4.MySQLSyntaxErrorException: Unknown column 'g.game_date' in 'field list'
	at java.base/jdk.internal.reflect.NativeConstructorAccessorImpl.newInstance0(Native Method)
	at java.base/jdk.internal.reflect.NativeConstructorAccessorImpl.newInstance(NativeConstructorAccessorImpl.java:77)
	at java.base/jdk.internal.reflect.DelegatingConstructorAccessorImpl.newInstance(DelegatingConstructorAccessorImpl.java:45)
	at java.base/java.lang.reflect.Constructor.newInstanceWithCaller(Constructor.java:499)
	at java.base/java.lang.reflect.Constructor.newInstance(Constructor.java:480)
	at com.mysql.jdbc.Util.handleNewInstance(Util.java:425)
	at com.mysql.jdbc.Util.getInstance(Util.java:408)
	at com.mysql.jdbc.SQLError.createSQLException(SQLError.java:944)
	at com.mysql.jdbc.MysqlIO.checkErrorPacket(MysqlIO.java:3933)
	at com.mysql.jdbc.MysqlIO.checkErrorPacket(MysqlIO.java:3869)
	at com.mysql.jdbc.MysqlIO.sendCommand(MysqlIO.java:2524)
	at com.mysql.jdbc.MysqlIO.sqlQueryDirect(MysqlIO.java:2675)
	at com.mysql.jdbc.ConnectionImpl.execSQL(ConnectionImpl.java:2465)
	at com.mysql.jdbc.PreparedStatement.executeInternal(PreparedStatement.java:1912)
	at com.mysql.jdbc.PreparedStatement.execute(PreparedStatement.java:1251)
	at net.sf.log4jdbc.sql.jdbcapi.PreparedStatementSpy.execute(PreparedStatementSpy.java:443)
	at com.zaxxer.hikari.pool.ProxyPreparedStatement.execute(ProxyPreparedStatement.java:44)
	at com.zaxxer.hikari.pool.HikariProxyPreparedStatement.execute(HikariProxyPreparedStatement.java)
	at org.apache.ibatis.executor.statement.PreparedStatementHandler.query(PreparedStatementHandler.java:64)
	at org.apache.ibatis.executor.statement.RoutingStatementHandler.query(RoutingStatementHandler.java:79)
	at org.apache.ibatis.executor.SimpleExecutor.doQuery(SimpleExecutor.java:63)
	at org.apache.ibatis.executor.BaseExecutor.queryFromDatabase(BaseExecutor.java:325)
	at org.apache.ibatis.executor.BaseExecutor.query(BaseExecutor.java:156)
	at org.apache.ibatis.executor.CachingExecutor.query(CachingExecutor.java:109)
	at org.apache.ibatis.executor.CachingExecutor.query(CachingExecutor.java:89)
	at org.apache.ibatis.session.defaults.DefaultSqlSession.selectList(DefaultSqlSession.java:151)
	at org.apache.ibatis.session.defaults.DefaultSqlSession.selectList(DefaultSqlSession.java:145)
	at org.apache.ibatis.session.defaults.DefaultSqlSession.selectList(DefaultSqlSession.java:140)
	at java.base/jdk.internal.reflect.NativeMethodAccessorImpl.invoke0(Native Method)
	at java.base/jdk.internal.reflect.NativeMethodAccessorImpl.invoke(NativeMethodAccessorImpl.java:77)
	at java.base/jdk.internal.reflect.DelegatingMethodAccessorImpl.invoke(DelegatingMethodAccessorImpl.java:43)
	at java.base/java.lang.reflect.Method.invoke(Method.java:568)
	at org.mybatis.spring.SqlSessionTemplate$SqlSessionInterceptor.invoke(SqlSessionTemplate.java:427)
	at jdk.proxy2/jdk.proxy2.$Proxy59.selectList(Unknown Source)
	at org.mybatis.spring.SqlSessionTemplate.selectList(SqlSessionTemplate.java:224)
	at org.apache.ibatis.binding.MapperMethod.executeForMany(MapperMethod.java:147)
	at org.apache.ibatis.binding.MapperMethod.execute(MapperMethod.java:80)
	at org.apache.ibatis.binding.MapperProxy$PlainMethodInvoker.invoke(MapperProxy.java:145)
	at org.apache.ibatis.binding.MapperProxy.invoke(MapperProxy.java:86)
	at jdk.proxy3/jdk.proxy3.$Proxy60.findAllSavedDates(Unknown Source)
	at com.dailystudy.jogi_golf.service.GameService.getAllSavedDates(GameService.java:76)
	at com.dailystudy.jogi_golf.controller.GameController.showDateList(GameController.java:92)
	at java.base/jdk.internal.reflect.NativeMethodAccessorImpl.invoke0(Native Method)
	at java.base/jdk.internal.reflect.NativeMethodAccessorImpl.invoke(NativeMethodAccessorImpl.java:77)
	at java.base/jdk.internal.reflect.DelegatingMethodAccessorImpl.invoke(DelegatingMethodAccessorImpl.java:43)
	at java.base/java.lang.reflect.Method.invoke(Method.java:568)
	at org.springframework.web.method.support.InvocableHandlerMethod.doInvoke(InvocableHandlerMethod.java:205)
	at org.springframework.web.method.support.InvocableHandlerMethod.invokeForRequest(InvocableHandlerMethod.java:150)
	at org.springframework.web.servlet.mvc.method.annotation.ServletInvocableHandlerMethod.invokeAndHandle(ServletInvocableHandlerMethod.java:117)
	at org.springframework.web.servlet.mvc.method.annotation.RequestMappingHandlerAdapter.invokeHandlerMethod(RequestMappingHandlerAdapter.java:895)
	at org.springframework.web.servlet.mvc.method.annotation.RequestMappingHandlerAdapter.handleInternal(RequestMappingHandlerAdapter.java:808)
	at org.springframework.web.servlet.mvc.method.AbstractHandlerMethodAdapter.handle(AbstractHandlerMethodAdapter.java:87)
	at org.springframework.web.servlet.DispatcherServlet.doDispatch(DispatcherServlet.java:1067)
	at org.springframework.web.servlet.DispatcherServlet.doService(DispatcherServlet.java:963)
	at org.springframework.web.servlet.FrameworkServlet.processRequest(FrameworkServlet.java:1006)
	at org.springframework.web.servlet.FrameworkServlet.doGet(FrameworkServlet.java:898)
	at javax.servlet.http.HttpServlet.service(HttpServlet.java:655)
	at org.springframework.web.servlet.FrameworkServlet.service(FrameworkServlet.java:883)
	at javax.servlet.http.HttpServlet.service(HttpServlet.java:764)
	at org.apache.catalina.core.ApplicationFilterChain.internalDoFilter(ApplicationFilterChain.java:227)
	at org.apache.catalina.core.ApplicationFilterChain.doFilter(ApplicationFilterChain.java:162)
	at org.apache.tomcat.websocket.server.WsFilter.doFilter(WsFilter.java:53)
	at org.apache.catalina.core.ApplicationFilterChain.internalDoFilter(ApplicationFilterChain.java:189)
	at org.apache.catalina.core.ApplicationFilterChain.doFilter(ApplicationFilterChain.java:162)
	at org.springframework.web.filter.RequestContextFilter.doFilterInternal(RequestContextFilter.java:100)
	at org.springframework.web.filter.OncePerRequestFilter.doFilter(OncePerRequestFilter.java:117)
	at org.apache.catalina.core.ApplicationFilterChain.internalDoFilter(ApplicationFilterChain.java:189)
	at org.apache.catalina.core.ApplicationFilterChain.doFilter(ApplicationFilterChain.java:162)
	at org.springframework.web.filter.FormContentFilter.doFilterInternal(FormContentFilter.java:93)
	at org.springframework.web.filter.OncePerRequestFilter.doFilter(OncePerRequestFilter.java:117)
	at org.apache.catalina.core.ApplicationFilterChain.internalDoFilter(ApplicationFilterChain.java:189)
	at org.apache.catalina.core.ApplicationFilterChain.doFilter(ApplicationFilterChain.java:162)
	at org.springframework.web.filter.CharacterEncodingFilter.doFilterInternal(CharacterEncodingFilter.java:201)
	at org.springframework.web.filter.OncePerRequestFilter.doFilter(OncePerRequestFilter.java:117)
	at org.apache.catalina.core.ApplicationFilterChain.internalDoFilter(ApplicationFilterChain.java:189)
	at org.apache.catalina.core.ApplicationFilterChain.doFilter(ApplicationFilterChain.java:162)
	at org.apache.catalina.core.StandardWrapperValve.invoke(StandardWrapperValve.java:197)
	at org.apache.catalina.core.StandardContextValve.invoke(StandardContextValve.java:97)
	at org.apache.catalina.authenticator.AuthenticatorBase.invoke(AuthenticatorBase.java:541)
	at org.apache.catalina.core.StandardHostValve.invoke(StandardHostValve.java:135)
	at org.apache.catalina.valves.ErrorReportValve.invoke(ErrorReportValve.java:92)
	at org.apache.catalina.core.StandardEngineValve.invoke(StandardEngineValve.java:78)
	at org.apache.catalina.connector.CoyoteAdapter.service(CoyoteAdapter.java:360)
	at org.apache.coyote.http11.Http11Processor.service(Http11Processor.java:399)
	at org.apache.coyote.AbstractProcessorLight.process(AbstractProcessorLight.java:65)
	at org.apache.coyote.AbstractProtocol$ConnectionHandler.process(AbstractProtocol.java:890)
	at org.apache.tomcat.util.net.NioEndpoint$SocketProcessor.doRun(NioEndpoint.java:1743)
	at org.apache.tomcat.util.net.SocketProcessorBase.run(SocketProcessorBase.java:49)
	at org.apache.tomcat.util.threads.ThreadPoolExecutor.runWorker(ThreadPoolExecutor.java:1191)
	at org.apache.tomcat.util.threads.ThreadPoolExecutor$Worker.run(ThreadPoolExecutor.java:659)
	at org.apache.tomcat.util.threads.TaskThread$WrappingRunnable.run(TaskThread.java:61)
	at java.base/java.lang.Thread.run(Thread.java:840)
[2024-08-30 14:37:59:243676][http-nio-8080-exec-6] [1;31mERROR[0;39m jdbc.sqlonly - 1. PreparedStatement.execute() SELECT DISTINCT g.game_date FROM game_results g

com.mysql.jdbc.exceptions.jdbc4.MySQLSyntaxErrorException: Unknown column 'g.game_date' in 'field list'
	at java.base/jdk.internal.reflect.NativeConstructorAccessorImpl.newInstance0(Native Method)
	at java.base/jdk.internal.reflect.NativeConstructorAccessorImpl.newInstance(NativeConstructorAccessorImpl.java:77)
	at java.base/jdk.internal.reflect.DelegatingConstructorAccessorImpl.newInstance(DelegatingConstructorAccessorImpl.java:45)
	at java.base/java.lang.reflect.Constructor.newInstanceWithCaller(Constructor.java:499)
	at java.base/java.lang.reflect.Constructor.newInstance(Constructor.java:480)
	at com.mysql.jdbc.Util.handleNewInstance(Util.java:425)
	at com.mysql.jdbc.Util.getInstance(Util.java:408)
	at com.mysql.jdbc.SQLError.createSQLException(SQLError.java:944)
	at com.mysql.jdbc.MysqlIO.checkErrorPacket(MysqlIO.java:3933)
	at com.mysql.jdbc.MysqlIO.checkErrorPacket(MysqlIO.java:3869)
	at com.mysql.jdbc.MysqlIO.sendCommand(MysqlIO.java:2524)
	at com.mysql.jdbc.MysqlIO.sqlQueryDirect(MysqlIO.java:2675)
	at com.mysql.jdbc.ConnectionImpl.execSQL(ConnectionImpl.java:2465)
	at com.mysql.jdbc.PreparedStatement.executeInternal(PreparedStatement.java:1912)
	at com.mysql.jdbc.PreparedStatement.execute(PreparedStatement.java:1251)
	at net.sf.log4jdbc.sql.jdbcapi.PreparedStatementSpy.execute(PreparedStatementSpy.java:443)
	at com.zaxxer.hikari.pool.ProxyPreparedStatement.execute(ProxyPreparedStatement.java:44)
	at com.zaxxer.hikari.pool.HikariProxyPreparedStatement.execute(HikariProxyPreparedStatement.java)
	at org.apache.ibatis.executor.statement.PreparedStatementHandler.query(PreparedStatementHandler.java:64)
	at org.apache.ibatis.executor.statement.RoutingStatementHandler.query(RoutingStatementHandler.java:79)
	at org.apache.ibatis.executor.SimpleExecutor.doQuery(SimpleExecutor.java:63)
	at org.apache.ibatis.executor.BaseExecutor.queryFromDatabase(BaseExecutor.java:325)
	at org.apache.ibatis.executor.BaseExecutor.query(BaseExecutor.java:156)
	at org.apache.ibatis.executor.CachingExecutor.query(CachingExecutor.java:109)
	at org.apache.ibatis.executor.CachingExecutor.query(CachingExecutor.java:89)
	at org.apache.ibatis.session.defaults.DefaultSqlSession.selectList(DefaultSqlSession.java:151)
	at org.apache.ibatis.session.defaults.DefaultSqlSession.selectList(DefaultSqlSession.java:145)
	at org.apache.ibatis.session.defaults.DefaultSqlSession.selectList(DefaultSqlSession.java:140)
	at java.base/jdk.internal.reflect.NativeMethodAccessorImpl.invoke0(Native Method)
	at java.base/jdk.internal.reflect.NativeMethodAccessorImpl.invoke(NativeMethodAccessorImpl.java:77)
	at java.base/jdk.internal.reflect.DelegatingMethodAccessorImpl.invoke(DelegatingMethodAccessorImpl.java:43)
	at java.base/java.lang.reflect.Method.invoke(Method.java:568)
	at org.mybatis.spring.SqlSessionTemplate$SqlSessionInterceptor.invoke(SqlSessionTemplate.java:427)
	at jdk.proxy2/jdk.proxy2.$Proxy59.selectList(Unknown Source)
	at org.mybatis.spring.SqlSessionTemplate.selectList(SqlSessionTemplate.java:224)
	at org.apache.ibatis.binding.MapperMethod.executeForMany(MapperMethod.java:147)
	at org.apache.ibatis.binding.MapperMethod.execute(MapperMethod.java:80)
	at org.apache.ibatis.binding.MapperProxy$PlainMethodInvoker.invoke(MapperProxy.java:145)
	at org.apache.ibatis.binding.MapperProxy.invoke(MapperProxy.java:86)
	at jdk.proxy3/jdk.proxy3.$Proxy60.findAllSavedDates(Unknown Source)
	at com.dailystudy.jogi_golf.service.GameService.getAllSavedDates(GameService.java:76)
	at com.dailystudy.jogi_golf.controller.GameController.showDateList(GameController.java:92)
	at java.base/jdk.internal.reflect.NativeMethodAccessorImpl.invoke0(Native Method)
	at java.base/jdk.internal.reflect.NativeMethodAccessorImpl.invoke(NativeMethodAccessorImpl.java:77)
	at java.base/jdk.internal.reflect.DelegatingMethodAccessorImpl.invoke(DelegatingMethodAccessorImpl.java:43)
	at java.base/java.lang.reflect.Method.invoke(Method.java:568)
	at org.springframework.web.method.support.InvocableHandlerMethod.doInvoke(InvocableHandlerMethod.java:205)
	at org.springframework.web.method.support.InvocableHandlerMethod.invokeForRequest(InvocableHandlerMethod.java:150)
	at org.springframework.web.servlet.mvc.method.annotation.ServletInvocableHandlerMethod.invokeAndHandle(ServletInvocableHandlerMethod.java:117)
	at org.springframework.web.servlet.mvc.method.annotation.RequestMappingHandlerAdapter.invokeHandlerMethod(RequestMappingHandlerAdapter.java:895)
	at org.springframework.web.servlet.mvc.method.annotation.RequestMappingHandlerAdapter.handleInternal(RequestMappingHandlerAdapter.java:808)
	at org.springframework.web.servlet.mvc.method.AbstractHandlerMethodAdapter.handle(AbstractHandlerMethodAdapter.java:87)
	at org.springframework.web.servlet.DispatcherServlet.doDispatch(DispatcherServlet.java:1067)
	at org.springframework.web.servlet.DispatcherServlet.doService(DispatcherServlet.java:963)
	at org.springframework.web.servlet.FrameworkServlet.processRequest(FrameworkServlet.java:1006)
	at org.springframework.web.servlet.FrameworkServlet.doGet(FrameworkServlet.java:898)
	at javax.servlet.http.HttpServlet.service(HttpServlet.java:655)
	at org.springframework.web.servlet.FrameworkServlet.service(FrameworkServlet.java:883)
	at javax.servlet.http.HttpServlet.service(HttpServlet.java:764)
	at org.apache.catalina.core.ApplicationFilterChain.internalDoFilter(ApplicationFilterChain.java:227)
	at org.apache.catalina.core.ApplicationFilterChain.doFilter(ApplicationFilterChain.java:162)
	at org.apache.tomcat.websocket.server.WsFilter.doFilter(WsFilter.java:53)
	at org.apache.catalina.core.ApplicationFilterChain.internalDoFilter(ApplicationFilterChain.java:189)
	at org.apache.catalina.core.ApplicationFilterChain.doFilter(ApplicationFilterChain.java:162)
	at org.springframework.web.filter.RequestContextFilter.doFilterInternal(RequestContextFilter.java:100)
	at org.springframework.web.filter.OncePerRequestFilter.doFilter(OncePerRequestFilter.java:117)
	at org.apache.catalina.core.ApplicationFilterChain.internalDoFilter(ApplicationFilterChain.java:189)
	at org.apache.catalina.core.ApplicationFilterChain.doFilter(ApplicationFilterChain.java:162)
	at org.springframework.web.filter.FormContentFilter.doFilterInternal(FormContentFilter.java:93)
	at org.springframework.web.filter.OncePerRequestFilter.doFilter(OncePerRequestFilter.java:117)
	at org.apache.catalina.core.ApplicationFilterChain.internalDoFilter(ApplicationFilterChain.java:189)
	at org.apache.catalina.core.ApplicationFilterChain.doFilter(ApplicationFilterChain.java:162)
	at org.springframework.web.filter.CharacterEncodingFilter.doFilterInternal(CharacterEncodingFilter.java:201)
	at org.springframework.web.filter.OncePerRequestFilter.doFilter(OncePerRequestFilter.java:117)
	at org.apache.catalina.core.ApplicationFilterChain.internalDoFilter(ApplicationFilterChain.java:189)
	at org.apache.catalina.core.ApplicationFilterChain.doFilter(ApplicationFilterChain.java:162)
	at org.apache.catalina.core.StandardWrapperValve.invoke(StandardWrapperValve.java:197)
	at org.apache.catalina.core.StandardContextValve.invoke(StandardContextValve.java:97)
	at org.apache.catalina.authenticator.AuthenticatorBase.invoke(AuthenticatorBase.java:541)
	at org.apache.catalina.core.StandardHostValve.invoke(StandardHostValve.java:135)
	at org.apache.catalina.valves.ErrorReportValve.invoke(ErrorReportValve.java:92)
	at org.apache.catalina.core.StandardEngineValve.invoke(StandardEngineValve.java:78)
	at org.apache.catalina.connector.CoyoteAdapter.service(CoyoteAdapter.java:360)
	at org.apache.coyote.http11.Http11Processor.service(Http11Processor.java:399)
	at org.apache.coyote.AbstractProcessorLight.process(AbstractProcessorLight.java:65)
	at org.apache.coyote.AbstractProtocol$ConnectionHandler.process(AbstractProtocol.java:890)
	at org.apache.tomcat.util.net.NioEndpoint$SocketProcessor.doRun(NioEndpoint.java:1743)
	at org.apache.tomcat.util.net.SocketProcessorBase.run(SocketProcessorBase.java:49)
	at org.apache.tomcat.util.threads.ThreadPoolExecutor.runWorker(ThreadPoolExecutor.java:1191)
	at org.apache.tomcat.util.threads.ThreadPoolExecutor$Worker.run(ThreadPoolExecutor.java:659)
	at org.apache.tomcat.util.threads.TaskThread$WrappingRunnable.run(TaskThread.java:61)
	at java.base/java.lang.Thread.run(Thread.java:840)
[2024-08-30 14:37:59:243676][http-nio-8080-exec-6] [1;31mERROR[0;39m jdbc.sqltiming - 1. PreparedStatement.execute() FAILED! SELECT DISTINCT g.game_date FROM game_results g
 {FAILED after 10 msec}
com.mysql.jdbc.exceptions.jdbc4.MySQLSyntaxErrorException: Unknown column 'g.game_date' in 'field list'
	at java.base/jdk.internal.reflect.NativeConstructorAccessorImpl.newInstance0(Native Method)
	at java.base/jdk.internal.reflect.NativeConstructorAccessorImpl.newInstance(NativeConstructorAccessorImpl.java:77)
	at java.base/jdk.internal.reflect.DelegatingConstructorAccessorImpl.newInstance(DelegatingConstructorAccessorImpl.java:45)
	at java.base/java.lang.reflect.Constructor.newInstanceWithCaller(Constructor.java:499)
	at java.base/java.lang.reflect.Constructor.newInstance(Constructor.java:480)
	at com.mysql.jdbc.Util.handleNewInstance(Util.java:425)
	at com.mysql.jdbc.Util.getInstance(Util.java:408)
	at com.mysql.jdbc.SQLError.createSQLException(SQLError.java:944)
	at com.mysql.jdbc.MysqlIO.checkErrorPacket(MysqlIO.java:3933)
	at com.mysql.jdbc.MysqlIO.checkErrorPacket(MysqlIO.java:3869)
	at com.mysql.jdbc.MysqlIO.sendCommand(MysqlIO.java:2524)
	at com.mysql.jdbc.MysqlIO.sqlQueryDirect(MysqlIO.java:2675)
	at com.mysql.jdbc.ConnectionImpl.execSQL(ConnectionImpl.java:2465)
	at com.mysql.jdbc.PreparedStatement.executeInternal(PreparedStatement.java:1912)
	at com.mysql.jdbc.PreparedStatement.execute(PreparedStatement.java:1251)
	at net.sf.log4jdbc.sql.jdbcapi.PreparedStatementSpy.execute(PreparedStatementSpy.java:443)
	at com.zaxxer.hikari.pool.ProxyPreparedStatement.execute(ProxyPreparedStatement.java:44)
	at com.zaxxer.hikari.pool.HikariProxyPreparedStatement.execute(HikariProxyPreparedStatement.java)
	at org.apache.ibatis.executor.statement.PreparedStatementHandler.query(PreparedStatementHandler.java:64)
	at org.apache.ibatis.executor.statement.RoutingStatementHandler.query(RoutingStatementHandler.java:79)
	at org.apache.ibatis.executor.SimpleExecutor.doQuery(SimpleExecutor.java:63)
	at org.apache.ibatis.executor.BaseExecutor.queryFromDatabase(BaseExecutor.java:325)
	at org.apache.ibatis.executor.BaseExecutor.query(BaseExecutor.java:156)
	at org.apache.ibatis.executor.CachingExecutor.query(CachingExecutor.java:109)
	at org.apache.ibatis.executor.CachingExecutor.query(CachingExecutor.java:89)
	at org.apache.ibatis.session.defaults.DefaultSqlSession.selectList(DefaultSqlSession.java:151)
	at org.apache.ibatis.session.defaults.DefaultSqlSession.selectList(DefaultSqlSession.java:145)
	at org.apache.ibatis.session.defaults.DefaultSqlSession.selectList(DefaultSqlSession.java:140)
	at java.base/jdk.internal.reflect.NativeMethodAccessorImpl.invoke0(Native Method)
	at java.base/jdk.internal.reflect.NativeMethodAccessorImpl.invoke(NativeMethodAccessorImpl.java:77)
	at java.base/jdk.internal.reflect.DelegatingMethodAccessorImpl.invoke(DelegatingMethodAccessorImpl.java:43)
	at java.base/java.lang.reflect.Method.invoke(Method.java:568)
	at org.mybatis.spring.SqlSessionTemplate$SqlSessionInterceptor.invoke(SqlSessionTemplate.java:427)
	at jdk.proxy2/jdk.proxy2.$Proxy59.selectList(Unknown Source)
	at org.mybatis.spring.SqlSessionTemplate.selectList(SqlSessionTemplate.java:224)
	at org.apache.ibatis.binding.MapperMethod.executeForMany(MapperMethod.java:147)
	at org.apache.ibatis.binding.MapperMethod.execute(MapperMethod.java:80)
	at org.apache.ibatis.binding.MapperProxy$PlainMethodInvoker.invoke(MapperProxy.java:145)
	at org.apache.ibatis.binding.MapperProxy.invoke(MapperProxy.java:86)
	at jdk.proxy3/jdk.proxy3.$Proxy60.findAllSavedDates(Unknown Source)
	at com.dailystudy.jogi_golf.service.GameService.getAllSavedDates(GameService.java:76)
	at com.dailystudy.jogi_golf.controller.GameController.showDateList(GameController.java:92)
	at java.base/jdk.internal.reflect.NativeMethodAccessorImpl.invoke0(Native Method)
	at java.base/jdk.internal.reflect.NativeMethodAccessorImpl.invoke(NativeMethodAccessorImpl.java:77)
	at java.base/jdk.internal.reflect.DelegatingMethodAccessorImpl.invoke(DelegatingMethodAccessorImpl.java:43)
	at java.base/java.lang.reflect.Method.invoke(Method.java:568)
	at org.springframework.web.method.support.InvocableHandlerMethod.doInvoke(InvocableHandlerMethod.java:205)
	at org.springframework.web.method.support.InvocableHandlerMethod.invokeForRequest(InvocableHandlerMethod.java:150)
	at org.springframework.web.servlet.mvc.method.annotation.ServletInvocableHandlerMethod.invokeAndHandle(ServletInvocableHandlerMethod.java:117)
	at org.springframework.web.servlet.mvc.method.annotation.RequestMappingHandlerAdapter.invokeHandlerMethod(RequestMappingHandlerAdapter.java:895)
	at org.springframework.web.servlet.mvc.method.annotation.RequestMappingHandlerAdapter.handleInternal(RequestMappingHandlerAdapter.java:808)
	at org.springframework.web.servlet.mvc.method.AbstractHandlerMethodAdapter.handle(AbstractHandlerMethodAdapter.java:87)
	at org.springframework.web.servlet.DispatcherServlet.doDispatch(DispatcherServlet.java:1067)
	at org.springframework.web.servlet.DispatcherServlet.doService(DispatcherServlet.java:963)
	at org.springframework.web.servlet.FrameworkServlet.processRequest(FrameworkServlet.java:1006)
	at org.springframework.web.servlet.FrameworkServlet.doGet(FrameworkServlet.java:898)
	at javax.servlet.http.HttpServlet.service(HttpServlet.java:655)
	at org.springframework.web.servlet.FrameworkServlet.service(FrameworkServlet.java:883)
	at javax.servlet.http.HttpServlet.service(HttpServlet.java:764)
	at org.apache.catalina.core.ApplicationFilterChain.internalDoFilter(ApplicationFilterChain.java:227)
	at org.apache.catalina.core.ApplicationFilterChain.doFilter(ApplicationFilterChain.java:162)
	at org.apache.tomcat.websocket.server.WsFilter.doFilter(WsFilter.java:53)
	at org.apache.catalina.core.ApplicationFilterChain.internalDoFilter(ApplicationFilterChain.java:189)
	at org.apache.catalina.core.ApplicationFilterChain.doFilter(ApplicationFilterChain.java:162)
	at org.springframework.web.filter.RequestContextFilter.doFilterInternal(RequestContextFilter.java:100)
	at org.springframework.web.filter.OncePerRequestFilter.doFilter(OncePerRequestFilter.java:117)
	at org.apache.catalina.core.ApplicationFilterChain.internalDoFilter(ApplicationFilterChain.java:189)
	at org.apache.catalina.core.ApplicationFilterChain.doFilter(ApplicationFilterChain.java:162)
	at org.springframework.web.filter.FormContentFilter.doFilterInternal(FormContentFilter.java:93)
	at org.springframework.web.filter.OncePerRequestFilter.doFilter(OncePerRequestFilter.java:117)
	at org.apache.catalina.core.ApplicationFilterChain.internalDoFilter(ApplicationFilterChain.java:189)
	at org.apache.catalina.core.ApplicationFilterChain.doFilter(ApplicationFilterChain.java:162)
	at org.springframework.web.filter.CharacterEncodingFilter.doFilterInternal(CharacterEncodingFilter.java:201)
	at org.springframework.web.filter.OncePerRequestFilter.doFilter(OncePerRequestFilter.java:117)
	at org.apache.catalina.core.ApplicationFilterChain.internalDoFilter(ApplicationFilterChain.java:189)
	at org.apache.catalina.core.ApplicationFilterChain.doFilter(ApplicationFilterChain.java:162)
	at org.apache.catalina.core.StandardWrapperValve.invoke(StandardWrapperValve.java:197)
	at org.apache.catalina.core.StandardContextValve.invoke(StandardContextValve.java:97)
	at org.apache.catalina.authenticator.AuthenticatorBase.invoke(AuthenticatorBase.java:541)
	at org.apache.catalina.core.StandardHostValve.invoke(StandardHostValve.java:135)
	at org.apache.catalina.valves.ErrorReportValve.invoke(ErrorReportValve.java:92)
	at org.apache.catalina.core.StandardEngineValve.invoke(StandardEngineValve.java:78)
	at org.apache.catalina.connector.CoyoteAdapter.service(CoyoteAdapter.java:360)
	at org.apache.coyote.http11.Http11Processor.service(Http11Processor.java:399)
	at org.apache.coyote.AbstractProcessorLight.process(AbstractProcessorLight.java:65)
	at org.apache.coyote.AbstractProtocol$ConnectionHandler.process(AbstractProtocol.java:890)
	at org.apache.tomcat.util.net.NioEndpoint$SocketProcessor.doRun(NioEndpoint.java:1743)
	at org.apache.tomcat.util.net.SocketProcessorBase.run(SocketProcessorBase.java:49)
	at org.apache.tomcat.util.threads.ThreadPoolExecutor.runWorker(ThreadPoolExecutor.java:1191)
	at org.apache.tomcat.util.threads.ThreadPoolExecutor$Worker.run(ThreadPoolExecutor.java:659)
	at org.apache.tomcat.util.threads.TaskThread$WrappingRunnable.run(TaskThread.java:61)
	at java.base/java.lang.Thread.run(Thread.java:840)
[2024-08-30 14:37:59:243698][http-nio-8080-exec-6] [1;31mERROR[0;39m o.a.c.c.C.[.[.[.[dispatcherServlet] - Servlet.service() for servlet [dispatcherServlet] in context with path [] threw exception [Request processing failed; nested exception is org.springframework.jdbc.BadSqlGrammarException: 
### Error querying database.  Cause: com.mysql.jdbc.exceptions.jdbc4.MySQLSyntaxErrorException: Unknown column 'g.game_date' in 'field list'
### The error may exist in file [D:\dev\jogi_golf\build\resources\main\mapper\GameResultMapper.xml]
### The error may involve defaultParameterMap
### The error occurred while setting parameters
### SQL: SELECT DISTINCT g.game_date FROM game_results g
### Cause: com.mysql.jdbc.exceptions.jdbc4.MySQLSyntaxErrorException: Unknown column 'g.game_date' in 'field list'
; bad SQL grammar []; nested exception is com.mysql.jdbc.exceptions.jdbc4.MySQLSyntaxErrorException: Unknown column 'g.game_date' in 'field list'] with root cause
com.mysql.jdbc.exceptions.jdbc4.MySQLSyntaxErrorException: Unknown column 'g.game_date' in 'field list'
	at java.base/jdk.internal.reflect.NativeConstructorAccessorImpl.newInstance0(Native Method)
	at java.base/jdk.internal.reflect.NativeConstructorAccessorImpl.newInstance(NativeConstructorAccessorImpl.java:77)
	at java.base/jdk.internal.reflect.DelegatingConstructorAccessorImpl.newInstance(DelegatingConstructorAccessorImpl.java:45)
	at java.base/java.lang.reflect.Constructor.newInstanceWithCaller(Constructor.java:499)
	at java.base/java.lang.reflect.Constructor.newInstance(Constructor.java:480)
	at com.mysql.jdbc.Util.handleNewInstance(Util.java:425)
	at com.mysql.jdbc.Util.getInstance(Util.java:408)
	at com.mysql.jdbc.SQLError.createSQLException(SQLError.java:944)
	at com.mysql.jdbc.MysqlIO.checkErrorPacket(MysqlIO.java:3933)
	at com.mysql.jdbc.MysqlIO.checkErrorPacket(MysqlIO.java:3869)
	at com.mysql.jdbc.MysqlIO.sendCommand(MysqlIO.java:2524)
	at com.mysql.jdbc.MysqlIO.sqlQueryDirect(MysqlIO.java:2675)
	at com.mysql.jdbc.ConnectionImpl.execSQL(ConnectionImpl.java:2465)
	at com.mysql.jdbc.PreparedStatement.executeInternal(PreparedStatement.java:1912)
	at com.mysql.jdbc.PreparedStatement.execute(PreparedStatement.java:1251)
	at net.sf.log4jdbc.sql.jdbcapi.PreparedStatementSpy.execute(PreparedStatementSpy.java:443)
	at com.zaxxer.hikari.pool.ProxyPreparedStatement.execute(ProxyPreparedStatement.java:44)
	at com.zaxxer.hikari.pool.HikariProxyPreparedStatement.execute(HikariProxyPreparedStatement.java)
	at org.apache.ibatis.executor.statement.PreparedStatementHandler.query(PreparedStatementHandler.java:64)
	at org.apache.ibatis.executor.statement.RoutingStatementHandler.query(RoutingStatementHandler.java:79)
	at org.apache.ibatis.executor.SimpleExecutor.doQuery(SimpleExecutor.java:63)
	at org.apache.ibatis.executor.BaseExecutor.queryFromDatabase(BaseExecutor.java:325)
	at org.apache.ibatis.executor.BaseExecutor.query(BaseExecutor.java:156)
	at org.apache.ibatis.executor.CachingExecutor.query(CachingExecutor.java:109)
	at org.apache.ibatis.executor.CachingExecutor.query(CachingExecutor.java:89)
	at org.apache.ibatis.session.defaults.DefaultSqlSession.selectList(DefaultSqlSession.java:151)
	at org.apache.ibatis.session.defaults.DefaultSqlSession.selectList(DefaultSqlSession.java:145)
	at org.apache.ibatis.session.defaults.DefaultSqlSession.selectList(DefaultSqlSession.java:140)
	at java.base/jdk.internal.reflect.NativeMethodAccessorImpl.invoke0(Native Method)
	at java.base/jdk.internal.reflect.NativeMethodAccessorImpl.invoke(NativeMethodAccessorImpl.java:77)
	at java.base/jdk.internal.reflect.DelegatingMethodAccessorImpl.invoke(DelegatingMethodAccessorImpl.java:43)
	at java.base/java.lang.reflect.Method.invoke(Method.java:568)
	at org.mybatis.spring.SqlSessionTemplate$SqlSessionInterceptor.invoke(SqlSessionTemplate.java:427)
	at jdk.proxy2/jdk.proxy2.$Proxy59.selectList(Unknown Source)
	at org.mybatis.spring.SqlSessionTemplate.selectList(SqlSessionTemplate.java:224)
	at org.apache.ibatis.binding.MapperMethod.executeForMany(MapperMethod.java:147)
	at org.apache.ibatis.binding.MapperMethod.execute(MapperMethod.java:80)
	at org.apache.ibatis.binding.MapperProxy$PlainMethodInvoker.invoke(MapperProxy.java:145)
	at org.apache.ibatis.binding.MapperProxy.invoke(MapperProxy.java:86)
	at jdk.proxy3/jdk.proxy3.$Proxy60.findAllSavedDates(Unknown Source)
	at com.dailystudy.jogi_golf.service.GameService.getAllSavedDates(GameService.java:76)
	at com.dailystudy.jogi_golf.controller.GameController.showDateList(GameController.java:92)
	at java.base/jdk.internal.reflect.NativeMethodAccessorImpl.invoke0(Native Method)
	at java.base/jdk.internal.reflect.NativeMethodAccessorImpl.invoke(NativeMethodAccessorImpl.java:77)
	at java.base/jdk.internal.reflect.DelegatingMethodAccessorImpl.invoke(DelegatingMethodAccessorImpl.java:43)
	at java.base/java.lang.reflect.Method.invoke(Method.java:568)
	at org.springframework.web.method.support.InvocableHandlerMethod.doInvoke(InvocableHandlerMethod.java:205)
	at org.springframework.web.method.support.InvocableHandlerMethod.invokeForRequest(InvocableHandlerMethod.java:150)
	at org.springframework.web.servlet.mvc.method.annotation.ServletInvocableHandlerMethod.invokeAndHandle(ServletInvocableHandlerMethod.java:117)
	at org.springframework.web.servlet.mvc.method.annotation.RequestMappingHandlerAdapter.invokeHandlerMethod(RequestMappingHandlerAdapter.java:895)
	at org.springframework.web.servlet.mvc.method.annotation.RequestMappingHandlerAdapter.handleInternal(RequestMappingHandlerAdapter.java:808)
	at org.springframework.web.servlet.mvc.method.AbstractHandlerMethodAdapter.handle(AbstractHandlerMethodAdapter.java:87)
	at org.springframework.web.servlet.DispatcherServlet.doDispatch(DispatcherServlet.java:1067)
	at org.springframework.web.servlet.DispatcherServlet.doService(DispatcherServlet.java:963)
	at org.springframework.web.servlet.FrameworkServlet.processRequest(FrameworkServlet.java:1006)
	at org.springframework.web.servlet.FrameworkServlet.doGet(FrameworkServlet.java:898)
	at javax.servlet.http.HttpServlet.service(HttpServlet.java:655)
	at org.springframework.web.servlet.FrameworkServlet.service(FrameworkServlet.java:883)
	at javax.servlet.http.HttpServlet.service(HttpServlet.java:764)
	at org.apache.catalina.core.ApplicationFilterChain.internalDoFilter(ApplicationFilterChain.java:227)
	at org.apache.catalina.core.ApplicationFilterChain.doFilter(ApplicationFilterChain.java:162)
	at org.apache.tomcat.websocket.server.WsFilter.doFilter(WsFilter.java:53)
	at org.apache.catalina.core.ApplicationFilterChain.internalDoFilter(ApplicationFilterChain.java:189)
	at org.apache.catalina.core.ApplicationFilterChain.doFilter(ApplicationFilterChain.java:162)
	at org.springframework.web.filter.RequestContextFilter.doFilterInternal(RequestContextFilter.java:100)
	at org.springframework.web.filter.OncePerRequestFilter.doFilter(OncePerRequestFilter.java:117)
	at org.apache.catalina.core.ApplicationFilterChain.internalDoFilter(ApplicationFilterChain.java:189)
	at org.apache.catalina.core.ApplicationFilterChain.doFilter(ApplicationFilterChain.java:162)
	at org.springframework.web.filter.FormContentFilter.doFilterInternal(FormContentFilter.java:93)
	at org.springframework.web.filter.OncePerRequestFilter.doFilter(OncePerRequestFilter.java:117)
	at org.apache.catalina.core.ApplicationFilterChain.internalDoFilter(ApplicationFilterChain.java:189)
	at org.apache.catalina.core.ApplicationFilterChain.doFilter(ApplicationFilterChain.java:162)
	at org.springframework.web.filter.CharacterEncodingFilter.doFilterInternal(CharacterEncodingFilter.java:201)
	at org.springframework.web.filter.OncePerRequestFilter.doFilter(OncePerRequestFilter.java:117)
	at org.apache.catalina.core.ApplicationFilterChain.internalDoFilter(ApplicationFilterChain.java:189)
	at org.apache.catalina.core.ApplicationFilterChain.doFilter(ApplicationFilterChain.java:162)
	at org.apache.catalina.core.StandardWrapperValve.invoke(StandardWrapperValve.java:197)
	at org.apache.catalina.core.StandardContextValve.invoke(StandardContextValve.java:97)
	at org.apache.catalina.authenticator.AuthenticatorBase.invoke(AuthenticatorBase.java:541)
	at org.apache.catalina.core.StandardHostValve.invoke(StandardHostValve.java:135)
	at org.apache.catalina.valves.ErrorReportValve.invoke(ErrorReportValve.java:92)
	at org.apache.catalina.core.StandardEngineValve.invoke(StandardEngineValve.java:78)
	at org.apache.catalina.connector.CoyoteAdapter.service(CoyoteAdapter.java:360)
	at org.apache.coyote.http11.Http11Processor.service(Http11Processor.java:399)
	at org.apache.coyote.AbstractProcessorLight.process(AbstractProcessorLight.java:65)
	at org.apache.coyote.AbstractProtocol$ConnectionHandler.process(AbstractProtocol.java:890)
	at org.apache.tomcat.util.net.NioEndpoint$SocketProcessor.doRun(NioEndpoint.java:1743)
	at org.apache.tomcat.util.net.SocketProcessorBase.run(SocketProcessorBase.java:49)
	at org.apache.tomcat.util.threads.ThreadPoolExecutor.runWorker(ThreadPoolExecutor.java:1191)
	at org.apache.tomcat.util.threads.ThreadPoolExecutor$Worker.run(ThreadPoolExecutor.java:659)
	at org.apache.tomcat.util.threads.TaskThread$WrappingRunnable.run(TaskThread.java:61)
	at java.base/java.lang.Thread.run(Thread.java:840)
[2024-08-30 14:41:10:434282][SpringApplicationShutdownHook] [34mINFO [0;39m com.zaxxer.hikari.HikariDataSource - HikariPool-1 - Shutdown initiated...
[2024-08-30 14:41:10:434286][SpringApplicationShutdownHook] [34mINFO [0;39m com.zaxxer.hikari.HikariDataSource - HikariPool-1 - Shutdown completed.
[2024-08-30 14:41:12:343][restartedMain] [34mINFO [0;39m c.d.jogi_golf.JogiGolfApplication - Starting JogiGolfApplication using Java 17.0.10 on GEOL with PID 27996 (D:\dev\jogi_golf\build\classes\java\main started by xyritol in D:\dev\jogi_golf)
[2024-08-30 14:41:12:343][restartedMain] [34mINFO [0;39m c.d.jogi_golf.JogiGolfApplication - The following 2 profiles are active: "local", "common"
[2024-08-30 14:41:12:364][restartedMain] [34mINFO [0;39m o.s.b.d.e.DevToolsPropertyDefaultsPostProcessor - Devtools property defaults active! Set 'spring.devtools.add-properties' to 'false' to disable
[2024-08-30 14:41:12:364][restartedMain] [34mINFO [0;39m o.s.b.d.e.DevToolsPropertyDefaultsPostProcessor - For additional web related logging consider setting the 'logging.level.web' property to 'DEBUG'
[2024-08-30 14:41:12:861][restartedMain] [34mINFO [0;39m o.s.b.w.e.tomcat.TomcatWebServer - Tomcat initialized with port(s): 8080 (http)
[2024-08-30 14:41:12:867][restartedMain] [34mINFO [0;39m o.a.coyote.http11.Http11NioProtocol - Initializing ProtocolHandler ["http-nio-8080"]
[2024-08-30 14:41:12:867][restartedMain] [34mINFO [0;39m o.a.catalina.core.StandardService - Starting service [Tomcat]
[2024-08-30 14:41:12:867][restartedMain] [34mINFO [0;39m o.a.catalina.core.StandardEngine - Starting Servlet engine: [Apache Tomcat/9.0.62]
[2024-08-30 14:41:12:949][restartedMain] [34mINFO [0;39m o.apache.jasper.servlet.TldScanner - At least one JAR was scanned for TLDs yet contained no TLDs. Enable debug logging for this logger for a complete list of JARs that were scanned but no TLDs were found in them. Skipping unneeded JARs during scanning can improve startup time and JSP compilation time.
[2024-08-30 14:41:12:952][restartedMain] [34mINFO [0;39m o.a.c.c.C.[Tomcat].[localhost].[/] - Initializing Spring embedded WebApplicationContext
[2024-08-30 14:41:12:952][restartedMain] [34mINFO [0;39m o.s.b.w.s.c.ServletWebServerApplicationContext - Root WebApplicationContext: initialization completed in 588 ms
[2024-08-30 14:41:12:1169][restartedMain] [34mINFO [0;39m o.s.b.a.w.s.WelcomePageHandlerMapping - Adding welcome page template: index
[2024-08-30 14:41:13:1251][restartedMain] [34mINFO [0;39m o.a.coyote.http11.Http11NioProtocol - Starting ProtocolHandler ["http-nio-8080"]
[2024-08-30 14:41:13:1265][restartedMain] [34mINFO [0;39m o.s.b.w.e.tomcat.TomcatWebServer - Tomcat started on port(s): 8080 (http) with context path ''
[2024-08-30 14:41:13:1270][restartedMain] [34mINFO [0;39m c.d.jogi_golf.JogiGolfApplication - Started JogiGolfApplication in 1.157 seconds (JVM running for 1.511)
[2024-08-30 14:41:16:4239][http-nio-8080-exec-1] [34mINFO [0;39m o.a.c.c.C.[Tomcat].[localhost].[/] - Initializing Spring DispatcherServlet 'dispatcherServlet'
[2024-08-30 14:41:16:4239][http-nio-8080-exec-1] [34mINFO [0;39m o.s.web.servlet.DispatcherServlet - Initializing Servlet 'dispatcherServlet'
[2024-08-30 14:41:16:4240][http-nio-8080-exec-1] [34mINFO [0;39m o.s.web.servlet.DispatcherServlet - Completed initialization in 1 ms
[2024-08-30 14:41:17:6039][http-nio-8080-exec-3] [34mINFO [0;39m com.zaxxer.hikari.HikariDataSource - HikariPool-1 - Starting...
[2024-08-30 14:41:17:6164][http-nio-8080-exec-3] [34mINFO [0;39m com.zaxxer.hikari.HikariDataSource - HikariPool-1 - Start completed.
[2024-08-30 14:41:17:6176][http-nio-8080-exec-3] [34mINFO [0;39m jdbc.sqltiming - SELECT DISTINCT game_date FROM games
 {executed in 2 msec}
[2024-08-30 14:41:17:6181][http-nio-8080-exec-3] [34mINFO [0;39m jdbc.resultsettable - 
|-----------|
|game_date  |
|-----------|
|2024-08-30 |
|-----------|

[2024-08-30 14:41:19:7275][http-nio-8080-exec-7] [34mINFO [0;39m jdbc.sqltiming - SELECT gr.id as resultId, gr.player_name as playerName, gr.rank, gr.calculated_amount as calculatedAmount,
               gr.original_score as originalScore, gr.handicap as handicap, g.game_date as gameDate
        FROM game_results gr
                 JOIN games g ON gr.game_id = g.game_id
        WHERE g.game_date = '2024-08-30'
        ORDER BY gr.rank ASC
 {executed in 3 msec}
[2024-08-30 14:41:19:7277][http-nio-8080-exec-7] [34mINFO [0;39m jdbc.resultsettable - 
|---|------------|-----|------------------|---------------|---------|----------|
|id |player_name |rank |calculated_amount |original_score |handicap |game_date |
|---|------------|-----|------------------|---------------|---------|----------|
|55 |김민정         |1    |66000             |2              |4        |[unread]  |
|53 |3           |1    |32000             |10             |15       |[unread]  |
|56 |김영현         |2    |2000              |10             |4        |[unread]  |
|54 |2           |2    |-32000            |5              |-6       |[unread]  |
|57 |박준영         |3    |-30000            |20             |10       |[unread]  |
|58 |강걸          |4    |-38000            |5              |-6       |[unread]  |
|---|------------|-----|------------------|---------------|---------|----------|

[2024-08-30 14:41:21:9285][http-nio-8080-exec-4] [34mINFO [0;39m jdbc.sqltiming - SELECT player_name AS playerName,
               SUM(calculated_amount) AS totalAmount,
               COUNT(*) AS participationCount
        FROM game_results
        GROUP BY player_name
        ORDER BY totalAmount DESC
 {executed in 2 msec}
[2024-08-30 14:41:21:9286][http-nio-8080-exec-4] [34mINFO [0;39m jdbc.resultsettable - 
|------------|------------|-------------------|
|player_name |totalamount |participationcount |
|------------|------------|-------------------|
|김민정         |66000       |1                  |
|3           |32000       |1                  |
|김영현         |2000        |1                  |
|박준영         |-30000      |1                  |
|2           |-32000      |1                  |
|강걸          |-38000      |1                  |
|------------|------------|-------------------|

[2024-08-30 14:41:23:11562][http-nio-8080-exec-9] [34mINFO [0;39m jdbc.sqltiming - SELECT DISTINCT game_date FROM games
 {executed in 3 msec}
[2024-08-30 14:41:23:11563][http-nio-8080-exec-9] [34mINFO [0;39m jdbc.resultsettable - 
|-----------|
|game_date  |
|-----------|
|2024-08-30 |
|-----------|

[2024-08-30 14:41:24:12660][http-nio-8080-exec-10] [34mINFO [0;39m jdbc.sqltiming - SELECT gr.id as resultId, gr.player_name as playerName, gr.rank, gr.calculated_amount as calculatedAmount,
               gr.original_score as originalScore, gr.handicap as handicap, g.game_date as gameDate
        FROM game_results gr
                 JOIN games g ON gr.game_id = g.game_id
        WHERE g.game_date = '2024-08-30'
        ORDER BY gr.rank ASC
 {executed in 3 msec}
[2024-08-30 14:41:24:12661][http-nio-8080-exec-10] [34mINFO [0;39m jdbc.resultsettable - 
|---|------------|-----|------------------|---------------|---------|----------|
|id |player_name |rank |calculated_amount |original_score |handicap |game_date |
|---|------------|-----|------------------|---------------|---------|----------|
|55 |김민정         |1    |66000             |2              |4        |[unread]  |
|53 |3           |1    |32000             |10             |15       |[unread]  |
|56 |김영현         |2    |2000              |10             |4        |[unread]  |
|54 |2           |2    |-32000            |5              |-6       |[unread]  |
|57 |박준영         |3    |-30000            |20             |10       |[unread]  |
|58 |강걸          |4    |-38000            |5              |-6       |[unread]  |
|---|------------|-----|------------------|---------------|---------|----------|

[2024-08-30 14:41:26:14972][http-nio-8080-exec-3] [34mINFO [0;39m jdbc.sqltiming - SELECT player_name AS playerName,
               SUM(calculated_amount) AS totalAmount,
               COUNT(*) AS participationCount
        FROM game_results
        GROUP BY player_name
        ORDER BY totalAmount DESC
 {executed in 3 msec}
[2024-08-30 14:41:26:14973][http-nio-8080-exec-3] [34mINFO [0;39m jdbc.resultsettable - 
|------------|------------|-------------------|
|player_name |totalamount |participationcount |
|------------|------------|-------------------|
|김민정         |66000       |1                  |
|3           |32000       |1                  |
|김영현         |2000        |1                  |
|박준영         |-30000      |1                  |
|2           |-32000      |1                  |
|강걸          |-38000      |1                  |
|------------|------------|-------------------|

